{"level":"warn","message":"Reintentando conexión a DB (1/3)","timestamp":"2025-07-12T08:27:21.815Z"}
{"level":"info","message":"Ruta registrada: /api/v1/auth","timestamp":"2025-07-12T08:27:21.817Z"}
{"level":"info","message":"Ruta registrada: /api/v1/movimientos","timestamp":"2025-07-12T08:27:21.818Z"}
{"level":"info","message":"Ruta registrada: /api/v1/categorias","timestamp":"2025-07-12T08:27:21.818Z"}
{"level":"info","message":"Ruta registrada: /api/v1/metas","timestamp":"2025-07-12T08:27:21.818Z"}
{"level":"info","message":"Ruta registrada: /api/v1/consejos","timestamp":"2025-07-12T08:27:21.818Z"}
{"level":"info","message":"Ruta registrada: /api/v1/alertas","timestamp":"2025-07-12T08:27:21.819Z"}
{"level":"info","message":"Ruta registrada: /api/v1/health","timestamp":"2025-07-12T08:27:21.819Z"}
{"level":"info","message":"Ruta registrada: /api/v1/docs","timestamp":"2025-07-12T08:27:21.819Z"}
{"level":"info","message":"🚀 Servidor: Puerto 3006\n🌍 Entorno: production\n⚙️  Workers: 1\n⏰ Hora: 3:27:21 a. m.","timestamp":"2025-07-12T08:27:21.829Z"}
{"level":"warn","message":"Reintentando conexión a DB (2/3)","timestamp":"2025-07-12T08:27:26.819Z"}
{"level":"warn","message":"Reintentando conexión a DB (3/3)","timestamp":"2025-07-12T08:27:31.825Z"}
{"level":"error","message":"❌ Error crítico de conexión a DB: db.getConnection is not a function","stack":"TypeError: db.getConnection is not a function\n    at connectWithRetry (file:///D:/Maykol/A2025-I/Emprendurismo/Proyecto/control-gastos-web/backend/server.js:94:33)\n    at Timeout._onTimeout (file:///D:/Maykol/A2025-I/Emprendurismo/Proyecto/control-gastos-web/backend/server.js:101:24)\n    at listOnTimeout (node:internal/timers:588:17)\n    at process.processTimers (node:internal/timers:523:7)","timestamp":"2025-07-12T08:27:36.831Z"}
{"level":"warn","message":"Reintentando conexión a DB (1/3)","timestamp":"2025-07-12T08:28:33.186Z"}
{"level":"info","message":"Ruta registrada: /api/v1/auth","timestamp":"2025-07-12T08:28:33.187Z"}
{"level":"info","message":"Ruta registrada: /api/v1/movimientos","timestamp":"2025-07-12T08:28:33.187Z"}
{"level":"info","message":"Ruta registrada: /api/v1/categorias","timestamp":"2025-07-12T08:28:33.188Z"}
{"level":"info","message":"Ruta registrada: /api/v1/metas","timestamp":"2025-07-12T08:28:33.188Z"}
{"level":"info","message":"Ruta registrada: /api/v1/consejos","timestamp":"2025-07-12T08:28:33.188Z"}
{"level":"info","message":"Ruta registrada: /api/v1/alertas","timestamp":"2025-07-12T08:28:33.188Z"}
{"level":"info","message":"Ruta registrada: /api/v1/health","timestamp":"2025-07-12T08:28:33.188Z"}
{"level":"info","message":"Ruta registrada: /api/v1/docs","timestamp":"2025-07-12T08:28:33.189Z"}
{"level":"info","message":"🚀 Servidor: Puerto 3006\n🌍 Entorno: production\n⚙️  Workers: 1\n⏰ Hora: 3:28:33 a. m.","timestamp":"2025-07-12T08:28:33.198Z"}
{"level":"warn","message":"Reintentando conexión a DB (2/3)","timestamp":"2025-07-12T08:28:38.200Z"}
{"level":"warn","message":"Reintentando conexión a DB (3/3)","timestamp":"2025-07-12T08:28:43.202Z"}
{"level":"error","message":"❌ Error crítico de conexión a DB: db.getConnection is not a function","stack":"TypeError: db.getConnection is not a function\n    at connectWithRetry (file:///D:/Maykol/A2025-I/Emprendurismo/Proyecto/control-gastos-web/backend/server.js:94:33)\n    at Timeout._onTimeout (file:///D:/Maykol/A2025-I/Emprendurismo/Proyecto/control-gastos-web/backend/server.js:101:24)\n    at listOnTimeout (node:internal/timers:588:17)\n    at process.processTimers (node:internal/timers:523:7)","timestamp":"2025-07-12T08:28:48.219Z"}
{"level":"warn","message":"Reintentando conexión a DB (1/3)","timestamp":"2025-07-12T08:32:06.342Z"}
{"level":"info","message":"Ruta registrada: /api/v1/auth","timestamp":"2025-07-12T08:32:06.343Z"}
{"level":"info","message":"Ruta registrada: /api/v1/movimientos","timestamp":"2025-07-12T08:32:06.343Z"}
{"level":"info","message":"Ruta registrada: /api/v1/categorias","timestamp":"2025-07-12T08:32:06.343Z"}
{"level":"info","message":"Ruta registrada: /api/v1/metas","timestamp":"2025-07-12T08:32:06.344Z"}
{"level":"info","message":"Ruta registrada: /api/v1/consejos","timestamp":"2025-07-12T08:32:06.344Z"}
{"level":"info","message":"Ruta registrada: /api/v1/alertas","timestamp":"2025-07-12T08:32:06.344Z"}
{"level":"info","message":"Ruta registrada: /api/v1/health","timestamp":"2025-07-12T08:32:06.344Z"}
{"level":"info","message":"Ruta registrada: /api/v1/docs","timestamp":"2025-07-12T08:32:06.344Z"}
{"level":"info","message":"🚀 Servidor: Puerto 3006\n🌍 Entorno: production\n⚙️  Workers: 1\n⏰ Hora: 3:32:06 a. m.","timestamp":"2025-07-12T08:32:06.354Z"}
{"level":"warn","message":"Reintentando conexión a DB (2/3)","timestamp":"2025-07-12T08:32:11.355Z"}
{"level":"warn","message":"Reintentando conexión a DB (3/3)","timestamp":"2025-07-12T08:32:16.360Z"}
{"level":"error","message":"❌ Error crítico de conexión a DB: db.getConnection is not a function","stack":"TypeError: db.getConnection is not a function\n    at connectWithRetry (file:///D:/Maykol/A2025-I/Emprendurismo/Proyecto/control-gastos-web/backend/server.js:94:33)\n    at Timeout._onTimeout (file:///D:/Maykol/A2025-I/Emprendurismo/Proyecto/control-gastos-web/backend/server.js:101:24)\n    at listOnTimeout (node:internal/timers:588:17)\n    at process.processTimers (node:internal/timers:523:7)","timestamp":"2025-07-12T08:32:21.374Z"}
{"level":"warn","message":"Reintentando conexión a DB (1/3)","timestamp":"2025-07-12T08:34:55.765Z"}
{"level":"info","message":"Ruta registrada: /api/v1/auth","timestamp":"2025-07-12T08:34:55.767Z"}
{"level":"info","message":"Ruta registrada: /api/v1/movimientos","timestamp":"2025-07-12T08:34:55.767Z"}
{"level":"info","message":"Ruta registrada: /api/v1/categorias","timestamp":"2025-07-12T08:34:55.767Z"}
{"level":"info","message":"Ruta registrada: /api/v1/metas","timestamp":"2025-07-12T08:34:55.768Z"}
{"level":"info","message":"Ruta registrada: /api/v1/consejos","timestamp":"2025-07-12T08:34:55.768Z"}
{"level":"info","message":"Ruta registrada: /api/v1/alertas","timestamp":"2025-07-12T08:34:55.768Z"}
{"level":"info","message":"Ruta registrada: /api/v1/health","timestamp":"2025-07-12T08:34:55.768Z"}
{"level":"info","message":"Ruta registrada: /api/v1/docs","timestamp":"2025-07-12T08:34:55.768Z"}
{"level":"info","message":"🚀 Servidor: Puerto 3006\n🌍 Entorno: production\n⚙️  Workers: 1\n⏰ Hora: 3:34:55 a. m.","timestamp":"2025-07-12T08:34:55.780Z"}
{"level":"warn","message":"Reintentando conexión a DB (2/3)","timestamp":"2025-07-12T08:35:00.780Z"}
{"level":"warn","message":"Reintentando conexión a DB (3/3)","timestamp":"2025-07-12T08:35:05.782Z"}
{"level":"error","message":"❌ Error crítico de conexión a DB: db.getConnection is not a function","stack":"TypeError: db.getConnection is not a function\n    at connectWithRetry (file:///D:/Maykol/A2025-I/Emprendurismo/Proyecto/control-gastos-web/backend/server.js:94:33)\n    at Timeout._onTimeout (file:///D:/Maykol/A2025-I/Emprendurismo/Proyecto/control-gastos-web/backend/server.js:101:24)\n    at listOnTimeout (node:internal/timers:588:17)\n    at process.processTimers (node:internal/timers:523:7)","timestamp":"2025-07-12T08:35:10.789Z"}
{"level":"warn","message":"Reintentando conexión a DB (1/3)","timestamp":"2025-07-12T08:35:56.727Z"}
{"level":"info","message":"Ruta registrada: /api/v1/auth","timestamp":"2025-07-12T08:35:56.728Z"}
{"level":"info","message":"Ruta registrada: /api/v1/movimientos","timestamp":"2025-07-12T08:35:56.728Z"}
{"level":"info","message":"Ruta registrada: /api/v1/categorias","timestamp":"2025-07-12T08:35:56.728Z"}
{"level":"info","message":"Ruta registrada: /api/v1/metas","timestamp":"2025-07-12T08:35:56.729Z"}
{"level":"info","message":"Ruta registrada: /api/v1/consejos","timestamp":"2025-07-12T08:35:56.729Z"}
{"level":"info","message":"Ruta registrada: /api/v1/alertas","timestamp":"2025-07-12T08:35:56.729Z"}
{"level":"info","message":"Ruta registrada: /api/v1/health","timestamp":"2025-07-12T08:35:56.729Z"}
{"level":"info","message":"Ruta registrada: /api/v1/docs","timestamp":"2025-07-12T08:35:56.729Z"}
{"level":"info","message":"🚀 Servidor: Puerto 3006\n🌍 Entorno: production\n⚙️  Workers: 1\n⏰ Hora: 3:35:56 a. m.","timestamp":"2025-07-12T08:35:56.739Z"}
{"level":"warn","message":"Reintentando conexión a DB (2/3)","timestamp":"2025-07-12T08:36:01.729Z"}
{"level":"warn","message":"Reintentando conexión a DB (3/3)","timestamp":"2025-07-12T08:36:06.732Z"}
{"level":"error","message":"❌ Error crítico de conexión a DB: db.getConnection is not a function","stack":"TypeError: db.getConnection is not a function\n    at connectWithRetry (file:///D:/Maykol/A2025-I/Emprendurismo/Proyecto/control-gastos-web/backend/server.js:94:33)\n    at Timeout._onTimeout (file:///D:/Maykol/A2025-I/Emprendurismo/Proyecto/control-gastos-web/backend/server.js:101:24)\n    at listOnTimeout (node:internal/timers:588:17)\n    at process.processTimers (node:internal/timers:523:7)","timestamp":"2025-07-12T08:36:11.737Z"}
{"level":"warn","message":"Reintentando conexión a DB (1/3)","timestamp":"2025-07-12T08:44:07.533Z"}
{"level":"info","message":"Ruta registrada: /api/v1/auth","timestamp":"2025-07-12T08:44:07.535Z"}
{"level":"info","message":"Ruta registrada: /api/v1/movimientos","timestamp":"2025-07-12T08:44:07.536Z"}
{"level":"info","message":"Ruta registrada: /api/v1/categorias","timestamp":"2025-07-12T08:44:07.536Z"}
{"level":"info","message":"Ruta registrada: /api/v1/metas","timestamp":"2025-07-12T08:44:07.536Z"}
{"level":"info","message":"Ruta registrada: /api/v1/consejos","timestamp":"2025-07-12T08:44:07.537Z"}
{"level":"info","message":"Ruta registrada: /api/v1/alertas","timestamp":"2025-07-12T08:44:07.537Z"}
{"level":"info","message":"Ruta registrada: /api/v1/health","timestamp":"2025-07-12T08:44:07.537Z"}
{"level":"info","message":"Ruta registrada: /api/v1/docs","timestamp":"2025-07-12T08:44:07.537Z"}
{"level":"info","message":"🚀 Servidor: Puerto 3006\n🌍 Entorno: production\n⚙️  Workers: 1\n⏰ Hora: 3:44:07 a. m.","timestamp":"2025-07-12T08:44:07.548Z"}
{"level":"warn","message":"Reintentando conexión a DB (2/3)","timestamp":"2025-07-12T08:44:12.541Z"}
{"level":"warn","message":"Reintentando conexión a DB (3/3)","timestamp":"2025-07-12T08:44:17.545Z"}
{"level":"error","message":"❌ Error crítico de conexión a DB: Cannot read properties of undefined (reading 'authenticate')","stack":"TypeError: Cannot read properties of undefined (reading 'authenticate')\n    at connectWithRetry (file:///D:/Maykol/A2025-I/Emprendurismo/Proyecto/control-gastos-web/backend/server.js:94:24)\n    at Timeout._onTimeout (file:///D:/Maykol/A2025-I/Emprendurismo/Proyecto/control-gastos-web/backend/server.js:100:24)\n    at listOnTimeout (node:internal/timers:588:17)\n    at process.processTimers (node:internal/timers:523:7)","timestamp":"2025-07-12T08:44:22.548Z"}
{"level":"warn","message":"Reintentando conexión a DB (1/3)","timestamp":"2025-07-12T08:48:21.750Z"}
{"level":"info","message":"Ruta registrada: /api/v1/auth","timestamp":"2025-07-12T08:48:21.752Z"}
{"level":"info","message":"Ruta registrada: /api/v1/movimientos","timestamp":"2025-07-12T08:48:21.752Z"}
{"level":"info","message":"Ruta registrada: /api/v1/categorias","timestamp":"2025-07-12T08:48:21.752Z"}
{"level":"info","message":"Ruta registrada: /api/v1/metas","timestamp":"2025-07-12T08:48:21.752Z"}
{"level":"info","message":"Ruta registrada: /api/v1/consejos","timestamp":"2025-07-12T08:48:21.753Z"}
{"level":"info","message":"Ruta registrada: /api/v1/alertas","timestamp":"2025-07-12T08:48:21.753Z"}
{"level":"info","message":"Ruta registrada: /api/v1/health","timestamp":"2025-07-12T08:48:21.753Z"}
{"level":"info","message":"Ruta registrada: /api/v1/docs","timestamp":"2025-07-12T08:48:21.753Z"}
{"level":"info","message":"🚀 Servidor: Puerto 3006\n🌍 Entorno: production\n⚙️  Workers: 1\n⏰ Hora: 3:48:21 a. m.","timestamp":"2025-07-12T08:48:21.764Z"}
{"level":"warn","message":"Reintentando conexión a DB (2/3)","timestamp":"2025-07-12T08:48:26.765Z"}
{"level":"warn","message":"Reintentando conexión a DB (3/3)","timestamp":"2025-07-12T08:48:31.768Z"}
{"level":"error","message":"❌ Error crítico de conexión a DB: Cannot read properties of undefined (reading 'authenticate')","stack":"TypeError: Cannot read properties of undefined (reading 'authenticate')\n    at connectWithRetry (file:///D:/Maykol/A2025-I/Emprendurismo/Proyecto/control-gastos-web/backend/server.js:94:24)\n    at Timeout._onTimeout (file:///D:/Maykol/A2025-I/Emprendurismo/Proyecto/control-gastos-web/backend/server.js:100:24)\n    at listOnTimeout (node:internal/timers:588:17)\n    at process.processTimers (node:internal/timers:523:7)","timestamp":"2025-07-12T08:48:36.771Z"}
{"level":"warn","message":"Reintentando conexión a DB (1/3)","timestamp":"2025-07-12T08:53:58.185Z"}
{"level":"info","message":"Ruta registrada: /api/v1/auth","timestamp":"2025-07-12T08:53:58.186Z"}
{"level":"info","message":"Ruta registrada: /api/v1/movimientos","timestamp":"2025-07-12T08:53:58.186Z"}
{"level":"info","message":"Ruta registrada: /api/v1/categorias","timestamp":"2025-07-12T08:53:58.187Z"}
{"level":"info","message":"Ruta registrada: /api/v1/metas","timestamp":"2025-07-12T08:53:58.187Z"}
{"level":"info","message":"Ruta registrada: /api/v1/consejos","timestamp":"2025-07-12T08:53:58.187Z"}
{"level":"info","message":"Ruta registrada: /api/v1/alertas","timestamp":"2025-07-12T08:53:58.187Z"}
{"level":"info","message":"Ruta registrada: /api/v1/health","timestamp":"2025-07-12T08:53:58.187Z"}
{"level":"info","message":"Ruta registrada: /api/v1/docs","timestamp":"2025-07-12T08:53:58.188Z"}
{"level":"info","message":"🚀 Servidor: Puerto 3006\n🌍 Entorno: production\n⚙️  Workers: 1\n⏰ Hora: 3:53:58 a. m.","timestamp":"2025-07-12T08:53:58.198Z"}
{"level":"warn","message":"Reintentando conexión a DB (2/3)","timestamp":"2025-07-12T08:54:03.192Z"}
{"level":"warn","message":"Reintentando conexión a DB (3/3)","timestamp":"2025-07-12T08:54:08.197Z"}
{"level":"error","message":"❌ Error crítico de conexión a DB: Cannot read properties of undefined (reading 'authenticate')","stack":"TypeError: Cannot read properties of undefined (reading 'authenticate')\n    at connectWithRetry (file:///D:/Maykol/A2025-I/Emprendurismo/Proyecto/control-gastos-web/backend/server.js:94:24)\n    at Timeout._onTimeout (file:///D:/Maykol/A2025-I/Emprendurismo/Proyecto/control-gastos-web/backend/server.js:100:24)\n    at listOnTimeout (node:internal/timers:588:17)\n    at process.processTimers (node:internal/timers:523:7)","timestamp":"2025-07-12T08:54:13.207Z"}
{"level":"warn","message":"Reintentando conexión a DB (1/3)","timestamp":"2025-07-12T08:54:50.363Z"}
{"level":"info","message":"Ruta registrada: /api/v1/auth","timestamp":"2025-07-12T08:54:50.365Z"}
{"level":"info","message":"Ruta registrada: /api/v1/movimientos","timestamp":"2025-07-12T08:54:50.365Z"}
{"level":"info","message":"Ruta registrada: /api/v1/categorias","timestamp":"2025-07-12T08:54:50.366Z"}
{"level":"info","message":"Ruta registrada: /api/v1/metas","timestamp":"2025-07-12T08:54:50.366Z"}
{"level":"info","message":"Ruta registrada: /api/v1/consejos","timestamp":"2025-07-12T08:54:50.366Z"}
{"level":"info","message":"Ruta registrada: /api/v1/alertas","timestamp":"2025-07-12T08:54:50.366Z"}
{"level":"info","message":"Ruta registrada: /api/v1/health","timestamp":"2025-07-12T08:54:50.366Z"}
{"level":"info","message":"Ruta registrada: /api/v1/docs","timestamp":"2025-07-12T08:54:50.366Z"}
{"level":"info","message":"🚀 Servidor: Puerto 3006\n🌍 Entorno: production\n⚙️  Workers: 1\n⏰ Hora: 3:54:50 a. m.","timestamp":"2025-07-12T08:54:50.376Z"}
{"level":"warn","message":"Reintentando conexión a DB (2/3)","timestamp":"2025-07-12T08:54:55.380Z"}
{"level":"warn","message":"Reintentando conexión a DB (3/3)","timestamp":"2025-07-12T08:55:00.383Z"}
{"level":"error","message":"❌ Error crítico de conexión a DB: Cannot read properties of undefined (reading 'authenticate')","stack":"TypeError: Cannot read properties of undefined (reading 'authenticate')\n    at connectWithRetry (file:///D:/Maykol/A2025-I/Emprendurismo/Proyecto/control-gastos-web/backend/server.js:94:24)\n    at Timeout._onTimeout (file:///D:/Maykol/A2025-I/Emprendurismo/Proyecto/control-gastos-web/backend/server.js:100:24)\n    at listOnTimeout (node:internal/timers:588:17)\n    at process.processTimers (node:internal/timers:523:7)","timestamp":"2025-07-12T08:55:05.397Z"}
{"level":"warn","message":"Reintentando conexión a DB (1/3)","timestamp":"2025-07-12T09:00:35.004Z"}
{"level":"info","message":"Ruta registrada: /api/v1/auth","timestamp":"2025-07-12T09:00:35.005Z"}
{"level":"info","message":"Ruta registrada: /api/v1/movimientos","timestamp":"2025-07-12T09:00:35.006Z"}
{"level":"info","message":"Ruta registrada: /api/v1/categorias","timestamp":"2025-07-12T09:00:35.006Z"}
{"level":"info","message":"Ruta registrada: /api/v1/metas","timestamp":"2025-07-12T09:00:35.007Z"}
{"level":"info","message":"Ruta registrada: /api/v1/consejos","timestamp":"2025-07-12T09:00:35.007Z"}
{"level":"info","message":"Ruta registrada: /api/v1/alertas","timestamp":"2025-07-12T09:00:35.007Z"}
{"level":"info","message":"Ruta registrada: /api/v1/health","timestamp":"2025-07-12T09:00:35.007Z"}
{"level":"info","message":"Ruta registrada: /api/v1/docs","timestamp":"2025-07-12T09:00:35.007Z"}
{"level":"info","message":"🚀 Servidor: Puerto 3006\n🌍 Entorno: production\n⚙️  Workers: 1\n⏰ Hora: 4:00:35 a. m.","timestamp":"2025-07-12T09:00:35.017Z"}
{"level":"warn","message":"Reintentando conexión a DB (2/3)","timestamp":"2025-07-12T09:00:40.014Z"}
{"level":"warn","message":"Reintentando conexión a DB (3/3)","timestamp":"2025-07-12T09:00:45.019Z"}
{"level":"error","message":"❌ Error crítico de conexión a DB: Cannot read properties of undefined (reading 'authenticate')","stack":"TypeError: Cannot read properties of undefined (reading 'authenticate')\n    at connectWithRetry (file:///D:/Maykol/A2025-I/Emprendurismo/Proyecto/control-gastos-web/backend/server.js:94:24)\n    at Timeout._onTimeout (file:///D:/Maykol/A2025-I/Emprendurismo/Proyecto/control-gastos-web/backend/server.js:100:24)\n    at listOnTimeout (node:internal/timers:588:17)\n    at process.processTimers (node:internal/timers:523:7)","timestamp":"2025-07-12T09:00:50.024Z"}
{"level":"warn","message":"Reintentando conexión a DB (1/3)","timestamp":"2025-07-12T09:02:28.105Z"}
{"level":"info","message":"Ruta registrada: /api/v1/auth","timestamp":"2025-07-12T09:02:28.108Z"}
{"level":"info","message":"Ruta registrada: /api/v1/movimientos","timestamp":"2025-07-12T09:02:28.109Z"}
{"level":"info","message":"Ruta registrada: /api/v1/categorias","timestamp":"2025-07-12T09:02:28.110Z"}
{"level":"info","message":"Ruta registrada: /api/v1/metas","timestamp":"2025-07-12T09:02:28.110Z"}
{"level":"info","message":"Ruta registrada: /api/v1/consejos","timestamp":"2025-07-12T09:02:28.111Z"}
{"level":"info","message":"Ruta registrada: /api/v1/alertas","timestamp":"2025-07-12T09:02:28.111Z"}
{"level":"info","message":"Ruta registrada: /api/v1/health","timestamp":"2025-07-12T09:02:28.111Z"}
{"level":"info","message":"Ruta registrada: /api/v1/docs","timestamp":"2025-07-12T09:02:28.112Z"}
{"level":"info","message":"🚀 Servidor: Puerto 3006\n🌍 Entorno: development\n⚙️  Workers: 1\n⏰ Hora: 4:02:28 a. m.","timestamp":"2025-07-12T09:02:28.121Z"}
{"level":"warn","message":"Reintentando conexión a DB (2/3)","timestamp":"2025-07-12T09:02:33.112Z"}
{"level":"warn","message":"Reintentando conexión a DB (3/3)","timestamp":"2025-07-12T09:02:38.117Z"}
{"level":"error","message":"❌ Error crítico de conexión a DB: Cannot read properties of undefined (reading 'authenticate')","stack":"TypeError: Cannot read properties of undefined (reading 'authenticate')\n    at connectWithRetry (file:///D:/Maykol/A2025-I/Emprendurismo/Proyecto/control-gastos-web/backend/server.js:94:24)\n    at Timeout._onTimeout (file:///D:/Maykol/A2025-I/Emprendurismo/Proyecto/control-gastos-web/backend/server.js:100:24)\n    at listOnTimeout (node:internal/timers:588:17)\n    at process.processTimers (node:internal/timers:523:7)","timestamp":"2025-07-12T09:02:43.120Z"}
{"level":"warn","message":"Reintentando conexión a DB (1/3)","timestamp":"2025-07-12T09:04:25.850Z"}
{"level":"info","message":"Ruta registrada: /api/v1/auth","timestamp":"2025-07-12T09:04:25.855Z"}
{"level":"info","message":"Ruta registrada: /api/v1/movimientos","timestamp":"2025-07-12T09:04:25.856Z"}
{"level":"info","message":"Ruta registrada: /api/v1/categorias","timestamp":"2025-07-12T09:04:25.857Z"}
{"level":"info","message":"Ruta registrada: /api/v1/metas","timestamp":"2025-07-12T09:04:25.858Z"}
{"level":"info","message":"Ruta registrada: /api/v1/consejos","timestamp":"2025-07-12T09:04:25.859Z"}
{"level":"info","message":"Ruta registrada: /api/v1/alertas","timestamp":"2025-07-12T09:04:25.860Z"}
{"level":"info","message":"Ruta registrada: /api/v1/health","timestamp":"2025-07-12T09:04:25.861Z"}
{"level":"info","message":"Ruta registrada: /api/v1/docs","timestamp":"2025-07-12T09:04:25.862Z"}
{"level":"info","message":"🚀 Servidor: Puerto 3006\n🌍 Entorno: development\n⚙️  Workers: 1\n⏰ Hora: 4:04:25 a. m.","timestamp":"2025-07-12T09:04:25.874Z"}
{"level":"warn","message":"Reintentando conexión a DB (2/3)","timestamp":"2025-07-12T09:04:30.872Z"}
{"level":"warn","message":"Reintentando conexión a DB (3/3)","timestamp":"2025-07-12T09:04:35.890Z"}
{"level":"error","message":"❌ Error crítico de conexión a DB: Access denied for user 'root'@'localhost' (using password: NO)","name":"SequelizeAccessDeniedError","original":{"code":"ER_ACCESS_DENIED_ERROR","errno":1045,"sqlMessage":"Access denied for user 'root'@'localhost' (using password: NO)","sqlState":"28000"},"parent":{"code":"ER_ACCESS_DENIED_ERROR","errno":1045,"sqlMessage":"Access denied for user 'root'@'localhost' (using password: NO)","sqlState":"28000"},"stack":"SequelizeAccessDeniedError: Access denied for user 'root'@'localhost' (using password: NO)\n    at ConnectionManager.connect (D:\\Maykol\\A2025-I\\Emprendurismo\\Proyecto\\control-gastos-web\\backend\\node_modules\\sequelize\\lib\\dialects\\mysql\\connection-manager.js:94:17)\n    at process.processTicksAndRejections (node:internal/process/task_queues:105:5)\n    at async ConnectionManager._connect (D:\\Maykol\\A2025-I\\Emprendurismo\\Proyecto\\control-gastos-web\\backend\\node_modules\\sequelize\\lib\\dialects\\abstract\\connection-manager.js:222:24)\n    at async D:\\Maykol\\A2025-I\\Emprendurismo\\Proyecto\\control-gastos-web\\backend\\node_modules\\sequelize\\lib\\dialects\\abstract\\connection-manager.js:174:32\n    at async ConnectionManager.getConnection (D:\\Maykol\\A2025-I\\Emprendurismo\\Proyecto\\control-gastos-web\\backend\\node_modules\\sequelize\\lib\\dialects\\abstract\\connection-manager.js:197:7)\n    at async D:\\Maykol\\A2025-I\\Emprendurismo\\Proyecto\\control-gastos-web\\backend\\node_modules\\sequelize\\lib\\sequelize.js:305:26\n    at async Sequelize.authenticate (D:\\Maykol\\A2025-I\\Emprendurismo\\Proyecto\\control-gastos-web\\backend\\node_modules\\sequelize\\lib\\sequelize.js:457:5)\n    at async connectWithRetry (file:///D:/Maykol/A2025-I/Emprendurismo/Proyecto/control-gastos-web/backend/server.js:94:5)","timestamp":"2025-07-12T09:04:40.917Z"}
{"level":"warn","message":"Reintentando conexión a DB (1/3)","timestamp":"2025-07-12T09:05:06.953Z"}
{"level":"info","message":"Ruta registrada: /api/v1/auth","timestamp":"2025-07-12T09:05:06.957Z"}
{"level":"info","message":"Ruta registrada: /api/v1/movimientos","timestamp":"2025-07-12T09:05:06.957Z"}
{"level":"info","message":"Ruta registrada: /api/v1/categorias","timestamp":"2025-07-12T09:05:06.958Z"}
{"level":"info","message":"Ruta registrada: /api/v1/metas","timestamp":"2025-07-12T09:05:06.958Z"}
{"level":"info","message":"Ruta registrada: /api/v1/consejos","timestamp":"2025-07-12T09:05:06.959Z"}
{"level":"info","message":"Ruta registrada: /api/v1/alertas","timestamp":"2025-07-12T09:05:06.959Z"}
{"level":"info","message":"Ruta registrada: /api/v1/health","timestamp":"2025-07-12T09:05:06.960Z"}
{"level":"info","message":"Ruta registrada: /api/v1/docs","timestamp":"2025-07-12T09:05:06.960Z"}
{"level":"info","message":"🚀 Servidor: Puerto 3006\n🌍 Entorno: development\n⚙️  Workers: 1\n⏰ Hora: 4:05:06 a. m.","timestamp":"2025-07-12T09:05:06.970Z"}
{"level":"warn","message":"Reintentando conexión a DB (2/3)","timestamp":"2025-07-12T09:05:11.967Z"}
{"level":"warn","message":"Reintentando conexión a DB (3/3)","timestamp":"2025-07-12T09:05:16.989Z"}
{"level":"error","message":"❌ Error crítico de conexión a DB: Access denied for user 'root'@'localhost' (using password: NO)","name":"SequelizeAccessDeniedError","original":{"code":"ER_ACCESS_DENIED_ERROR","errno":1045,"sqlMessage":"Access denied for user 'root'@'localhost' (using password: NO)","sqlState":"28000"},"parent":{"code":"ER_ACCESS_DENIED_ERROR","errno":1045,"sqlMessage":"Access denied for user 'root'@'localhost' (using password: NO)","sqlState":"28000"},"stack":"SequelizeAccessDeniedError: Access denied for user 'root'@'localhost' (using password: NO)\n    at ConnectionManager.connect (D:\\Maykol\\A2025-I\\Emprendurismo\\Proyecto\\control-gastos-web\\backend\\node_modules\\sequelize\\lib\\dialects\\mysql\\connection-manager.js:94:17)\n    at process.processTicksAndRejections (node:internal/process/task_queues:105:5)\n    at async ConnectionManager._connect (D:\\Maykol\\A2025-I\\Emprendurismo\\Proyecto\\control-gastos-web\\backend\\node_modules\\sequelize\\lib\\dialects\\abstract\\connection-manager.js:222:24)\n    at async D:\\Maykol\\A2025-I\\Emprendurismo\\Proyecto\\control-gastos-web\\backend\\node_modules\\sequelize\\lib\\dialects\\abstract\\connection-manager.js:174:32\n    at async ConnectionManager.getConnection (D:\\Maykol\\A2025-I\\Emprendurismo\\Proyecto\\control-gastos-web\\backend\\node_modules\\sequelize\\lib\\dialects\\abstract\\connection-manager.js:197:7)\n    at async D:\\Maykol\\A2025-I\\Emprendurismo\\Proyecto\\control-gastos-web\\backend\\node_modules\\sequelize\\lib\\sequelize.js:305:26\n    at async Sequelize.authenticate (D:\\Maykol\\A2025-I\\Emprendurismo\\Proyecto\\control-gastos-web\\backend\\node_modules\\sequelize\\lib\\sequelize.js:457:5)\n    at async connectWithRetry (file:///D:/Maykol/A2025-I/Emprendurismo/Proyecto/control-gastos-web/backend/server.js:94:5)","timestamp":"2025-07-12T09:05:22.000Z"}
{"level":"info","message":"✅ Base de datos sincronizada","timestamp":"2025-07-12T09:07:55.464Z"}
{"level":"info","message":"Ruta registrada: /api/v1/auth","timestamp":"2025-07-12T09:07:55.466Z"}
{"level":"info","message":"Ruta registrada: /api/v1/movimientos","timestamp":"2025-07-12T09:07:55.466Z"}
{"level":"info","message":"Ruta registrada: /api/v1/categorias","timestamp":"2025-07-12T09:07:55.467Z"}
{"level":"info","message":"Ruta registrada: /api/v1/metas","timestamp":"2025-07-12T09:07:55.467Z"}
{"level":"info","message":"Ruta registrada: /api/v1/consejos","timestamp":"2025-07-12T09:07:55.467Z"}
{"level":"info","message":"Ruta registrada: /api/v1/alertas","timestamp":"2025-07-12T09:07:55.468Z"}
{"level":"info","message":"Ruta registrada: /api/v1/health","timestamp":"2025-07-12T09:07:55.468Z"}
{"level":"info","message":"Ruta registrada: /api/v1/docs","timestamp":"2025-07-12T09:07:55.469Z"}
{"level":"info","message":"🚀 Servidor: Puerto 3006\n🌍 Entorno: development\n⚙️  Workers: 1\n⏰ Hora: 4:07:55 a. m.","timestamp":"2025-07-12T09:07:55.479Z"}
{"level":"warn","message":"🔴 Recibido SIGINT. Cerrando servidor...","timestamp":"2025-07-12T10:38:55.302Z"}
{"level":"info","message":"✅ Base de datos sincronizada","timestamp":"2025-07-12T15:57:14.130Z"}
{"level":"info","message":"Ruta registrada: /api/v1/auth","timestamp":"2025-07-12T15:57:14.135Z"}
{"level":"info","message":"Ruta registrada: /api/v1/movimientos","timestamp":"2025-07-12T15:57:14.135Z"}
{"level":"info","message":"Ruta registrada: /api/v1/categorias","timestamp":"2025-07-12T15:57:14.136Z"}
{"level":"info","message":"Ruta registrada: /api/v1/metas","timestamp":"2025-07-12T15:57:14.136Z"}
{"level":"info","message":"Ruta registrada: /api/v1/consejos","timestamp":"2025-07-12T15:57:14.136Z"}
{"level":"info","message":"Ruta registrada: /api/v1/alertas","timestamp":"2025-07-12T15:57:14.137Z"}
{"level":"info","message":"Ruta registrada: /api/v1/health","timestamp":"2025-07-12T15:57:14.137Z"}
{"level":"info","message":"Ruta registrada: /api/v1/docs","timestamp":"2025-07-12T15:57:14.137Z"}
{"level":"info","message":"🚀 Servidor: Puerto 3006\n🌍 Entorno: development\n⚙️  Workers: 1\n⏰ Hora: 10:57:14 a. m.","timestamp":"2025-07-12T15:57:14.179Z"}
{"level":"warn","message":"🔴 Recibido SIGINT. Cerrando servidor...","timestamp":"2025-07-12T16:35:35.234Z"}
{"level":"warn","message":"Reintentando conexión a DB (1/3)","timestamp":"2025-07-12T16:35:40.838Z"}
{"level":"info","message":"Ruta registrada: /api/v1/auth","timestamp":"2025-07-12T16:35:40.841Z"}
{"level":"info","message":"Ruta registrada: /api/v1/movimientos","timestamp":"2025-07-12T16:35:40.842Z"}
{"level":"info","message":"Ruta registrada: /api/v1/categorias","timestamp":"2025-07-12T16:35:40.842Z"}
{"level":"info","message":"Ruta registrada: /api/v1/metas","timestamp":"2025-07-12T16:35:40.843Z"}
{"level":"info","message":"Ruta registrada: /api/v1/consejos","timestamp":"2025-07-12T16:35:40.843Z"}
{"level":"info","message":"Ruta registrada: /api/v1/alertas","timestamp":"2025-07-12T16:35:40.843Z"}
{"level":"info","message":"Ruta registrada: /api/v1/health","timestamp":"2025-07-12T16:35:40.843Z"}
{"level":"info","message":"Ruta registrada: /api/v1/docs","timestamp":"2025-07-12T16:35:40.844Z"}
{"level":"info","message":"🚀 Servidor: Puerto 3006\n🌍 Entorno: development\n⚙️  Workers: 1\n⏰ Hora: 11:35:40 a. m.","timestamp":"2025-07-12T16:35:40.872Z"}
{"level":"warn","message":"Reintentando conexión a DB (2/3)","timestamp":"2025-07-12T16:35:45.849Z"}
{"level":"warn","message":"Reintentando conexión a DB (3/3)","timestamp":"2025-07-12T16:35:50.853Z"}
{"level":"error","message":"❌ Error crítico de conexión a DB: db.authenticate is not a function","stack":"TypeError: db.authenticate is not a function\n    at connectWithRetry (file:///D:/Maykol/A2025-I/Emprendurismo/Proyecto/control-gastos-web/backend/server.js:94:14)\n    at Timeout._onTimeout (file:///D:/Maykol/A2025-I/Emprendurismo/Proyecto/control-gastos-web/backend/server.js:100:24)\n    at listOnTimeout (node:internal/timers:588:17)\n    at process.processTimers (node:internal/timers:523:7)","timestamp":"2025-07-12T16:35:55.859Z"}
{"level":"info","message":"✅ Base de datos sincronizada","timestamp":"2025-07-12T16:39:56.263Z"}
{"level":"info","message":"Ruta registrada: /api/v1/auth","timestamp":"2025-07-12T16:39:56.265Z"}
{"level":"info","message":"Ruta registrada: /api/v1/movimientos","timestamp":"2025-07-12T16:39:56.266Z"}
{"level":"info","message":"Ruta registrada: /api/v1/categorias","timestamp":"2025-07-12T16:39:56.266Z"}
{"level":"info","message":"Ruta registrada: /api/v1/metas","timestamp":"2025-07-12T16:39:56.267Z"}
{"level":"info","message":"Ruta registrada: /api/v1/consejos","timestamp":"2025-07-12T16:39:56.267Z"}
{"level":"info","message":"Ruta registrada: /api/v1/alertas","timestamp":"2025-07-12T16:39:56.268Z"}
{"level":"info","message":"Ruta registrada: /api/v1/health","timestamp":"2025-07-12T16:39:56.268Z"}
{"level":"info","message":"Ruta registrada: /api/v1/docs","timestamp":"2025-07-12T16:39:56.268Z"}
{"level":"info","message":"🚀 Servidor: Puerto 3006\n🌍 Entorno: development\n⚙️  Workers: 1\n⏰ Hora: 11:39:56 a. m.","timestamp":"2025-07-12T16:39:56.278Z"}
{"level":"warn","message":"🔴 Recibido SIGINT. Cerrando servidor...","timestamp":"2025-07-12T17:03:32.795Z"}
{"level":"info","message":"✅ Base de datos sincronizada","timestamp":"2025-07-12T17:06:25.711Z"}
{"level":"info","message":"Ruta registrada: /api/v1/auth","timestamp":"2025-07-12T17:06:25.713Z"}
{"level":"info","message":"Ruta registrada: /api/v1/movimientos","timestamp":"2025-07-12T17:06:25.713Z"}
{"level":"info","message":"Ruta registrada: /api/v1/categorias","timestamp":"2025-07-12T17:06:25.714Z"}
{"level":"info","message":"Ruta registrada: /api/v1/metas","timestamp":"2025-07-12T17:06:25.714Z"}
{"level":"info","message":"Ruta registrada: /api/v1/consejos","timestamp":"2025-07-12T17:06:25.714Z"}
{"level":"info","message":"Ruta registrada: /api/v1/alertas","timestamp":"2025-07-12T17:06:25.715Z"}
{"level":"info","message":"Ruta registrada: /api/v1/health","timestamp":"2025-07-12T17:06:25.715Z"}
{"level":"info","message":"Ruta registrada: /api/v1/docs","timestamp":"2025-07-12T17:06:25.715Z"}
{"level":"info","message":"🚀 Servidor: Puerto 3006\n🌍 Entorno: development\n⚙️  Workers: 1\n⏰ Hora: 12:06:25 p. m.","timestamp":"2025-07-12T17:06:25.726Z"}
{"correlationId":"0ecd8c41-d991-41ce-818c-11e619cdc6f7","ip":"::1","level":"error","message":"Error 500 Cannot set property query of #<IncomingMessage> which has only a getter","method":"POST","path":"/api/v1/auth/login","stack":"TypeError: Cannot set property query of #<IncomingMessage> which has only a getter\n    at file:///D:/Maykol/A2025-I/Emprendurismo/Proyecto/control-gastos-web/backend/middleware/validacionMiddleware.js:32:22\n    at Array.forEach (<anonymous>)\n    at sanitizarInput (file:///D:/Maykol/A2025-I/Emprendurismo/Proyecto/control-gastos-web/backend/middleware/validacionMiddleware.js:30:33)\n    at Layer.handleRequest (D:\\Maykol\\A2025-I\\Emprendurismo\\Proyecto\\control-gastos-web\\backend\\node_modules\\router\\lib\\layer.js:152:17)\n    at trimPrefix (D:\\Maykol\\A2025-I\\Emprendurismo\\Proyecto\\control-gastos-web\\backend\\node_modules\\router\\index.js:342:13)\n    at D:\\Maykol\\A2025-I\\Emprendurismo\\Proyecto\\control-gastos-web\\backend\\node_modules\\router\\index.js:297:9\n    at processParams (D:\\Maykol\\A2025-I\\Emprendurismo\\Proyecto\\control-gastos-web\\backend\\node_modules\\router\\index.js:582:12)\n    at next (D:\\Maykol\\A2025-I\\Emprendurismo\\Proyecto\\control-gastos-web\\backend\\node_modules\\router\\index.js:291:5)\n    at limiteGastosDiarios (file:///D:/Maykol/A2025-I/Emprendurismo/Proyecto/control-gastos-web/backend/middleware/limitesMiddleware.js:26:9)\n    at Layer.handleRequest (D:\\Maykol\\A2025-I\\Emprendurismo\\Proyecto\\control-gastos-web\\backend\\node_modules\\router\\lib\\layer.js:152:17)","timestamp":"2025-07-12T17:06:34.194Z","userAgent":"Mozilla/5.0 (Windows NT 10.0; Win64; x64) AppleWebKit/537.36 (KHTML, like Gecko) Chrome/138.0.0.0 Safari/537.36"}
{"correlationId":"ab9fcf2e-bbd5-4428-9e7e-468639d8f255","ip":"::1","level":"error","message":"Error 500 Cannot set property query of #<IncomingMessage> which has only a getter","method":"POST","path":"/api/v1/auth/login","stack":"TypeError: Cannot set property query of #<IncomingMessage> which has only a getter\n    at file:///D:/Maykol/A2025-I/Emprendurismo/Proyecto/control-gastos-web/backend/middleware/validacionMiddleware.js:32:22\n    at Array.forEach (<anonymous>)\n    at sanitizarInput (file:///D:/Maykol/A2025-I/Emprendurismo/Proyecto/control-gastos-web/backend/middleware/validacionMiddleware.js:30:33)\n    at Layer.handleRequest (D:\\Maykol\\A2025-I\\Emprendurismo\\Proyecto\\control-gastos-web\\backend\\node_modules\\router\\lib\\layer.js:152:17)\n    at trimPrefix (D:\\Maykol\\A2025-I\\Emprendurismo\\Proyecto\\control-gastos-web\\backend\\node_modules\\router\\index.js:342:13)\n    at D:\\Maykol\\A2025-I\\Emprendurismo\\Proyecto\\control-gastos-web\\backend\\node_modules\\router\\index.js:297:9\n    at processParams (D:\\Maykol\\A2025-I\\Emprendurismo\\Proyecto\\control-gastos-web\\backend\\node_modules\\router\\index.js:582:12)\n    at next (D:\\Maykol\\A2025-I\\Emprendurismo\\Proyecto\\control-gastos-web\\backend\\node_modules\\router\\index.js:291:5)\n    at limiteGastosDiarios (file:///D:/Maykol/A2025-I/Emprendurismo/Proyecto/control-gastos-web/backend/middleware/limitesMiddleware.js:26:9)\n    at Layer.handleRequest (D:\\Maykol\\A2025-I\\Emprendurismo\\Proyecto\\control-gastos-web\\backend\\node_modules\\router\\lib\\layer.js:152:17)","timestamp":"2025-07-12T17:07:03.863Z","userAgent":"Mozilla/5.0 (Windows NT 10.0; Win64; x64) AppleWebKit/537.36 (KHTML, like Gecko) Chrome/138.0.0.0 Safari/537.36"}
{"level":"warn","message":"🔴 Recibido SIGINT. Cerrando servidor...","timestamp":"2025-07-12T17:10:49.874Z"}
{"level":"info","message":"✅ Base de datos sincronizada","timestamp":"2025-07-12T17:12:57.874Z"}
{"level":"info","message":"Ruta registrada: /api/v1/auth","timestamp":"2025-07-12T17:12:57.876Z"}
{"level":"info","message":"Ruta registrada: /api/v1/movimientos","timestamp":"2025-07-12T17:12:57.876Z"}
{"level":"info","message":"Ruta registrada: /api/v1/categorias","timestamp":"2025-07-12T17:12:57.877Z"}
{"level":"info","message":"Ruta registrada: /api/v1/metas","timestamp":"2025-07-12T17:12:57.877Z"}
{"level":"info","message":"Ruta registrada: /api/v1/consejos","timestamp":"2025-07-12T17:12:57.878Z"}
{"level":"info","message":"Ruta registrada: /api/v1/alertas","timestamp":"2025-07-12T17:12:57.878Z"}
{"level":"info","message":"Ruta registrada: /api/v1/health","timestamp":"2025-07-12T17:12:57.878Z"}
{"level":"info","message":"Ruta registrada: /api/v1/docs","timestamp":"2025-07-12T17:12:57.879Z"}
{"level":"info","message":"🚀 Servidor: Puerto 3006\n🌍 Entorno: development\n⚙️  Workers: 1\n⏰ Hora: 12:12:57 p. m.","timestamp":"2025-07-12T17:12:57.889Z"}
{"correlationId":"4e5c7fbd-392d-43b3-a1d5-e084066af7fc","ip":"::1","level":"error","message":"Error 500 Cannot set property query of #<IncomingMessage> which has only a getter","method":"POST","path":"/api/v1/auth/login","stack":"TypeError: Cannot set property query of #<IncomingMessage> which has only a getter\n    at file:///D:/Maykol/A2025-I/Emprendurismo/Proyecto/control-gastos-web/backend/middleware/validacionMiddleware.js:32:22\n    at Array.forEach (<anonymous>)\n    at sanitizarInput (file:///D:/Maykol/A2025-I/Emprendurismo/Proyecto/control-gastos-web/backend/middleware/validacionMiddleware.js:30:33)\n    at Layer.handleRequest (D:\\Maykol\\A2025-I\\Emprendurismo\\Proyecto\\control-gastos-web\\backend\\node_modules\\router\\lib\\layer.js:152:17)\n    at trimPrefix (D:\\Maykol\\A2025-I\\Emprendurismo\\Proyecto\\control-gastos-web\\backend\\node_modules\\router\\index.js:342:13)\n    at D:\\Maykol\\A2025-I\\Emprendurismo\\Proyecto\\control-gastos-web\\backend\\node_modules\\router\\index.js:297:9\n    at processParams (D:\\Maykol\\A2025-I\\Emprendurismo\\Proyecto\\control-gastos-web\\backend\\node_modules\\router\\index.js:582:12)\n    at next (D:\\Maykol\\A2025-I\\Emprendurismo\\Proyecto\\control-gastos-web\\backend\\node_modules\\router\\index.js:291:5)\n    at limiteGastosDiarios (file:///D:/Maykol/A2025-I/Emprendurismo/Proyecto/control-gastos-web/backend/middleware/limitesMiddleware.js:26:9)\n    at Layer.handleRequest (D:\\Maykol\\A2025-I\\Emprendurismo\\Proyecto\\control-gastos-web\\backend\\node_modules\\router\\lib\\layer.js:152:17)","timestamp":"2025-07-12T17:13:19.605Z","userAgent":"Mozilla/5.0 (Windows NT 10.0; Win64; x64) AppleWebKit/537.36 (KHTML, like Gecko) Chrome/138.0.0.0 Safari/537.36"}
{"level":"warn","message":"🔴 Recibido SIGINT. Cerrando servidor...","timestamp":"2025-07-12T17:19:00.443Z"}
{"level":"info","message":"✅ Base de datos sincronizada","timestamp":"2025-07-12T17:21:11.654Z"}
{"level":"info","message":"Ruta registrada: /api/v1/auth","timestamp":"2025-07-12T17:21:11.656Z"}
{"level":"info","message":"Ruta registrada: /api/v1/movimientos","timestamp":"2025-07-12T17:21:11.657Z"}
{"level":"info","message":"Ruta registrada: /api/v1/categorias","timestamp":"2025-07-12T17:21:11.657Z"}
{"level":"info","message":"Ruta registrada: /api/v1/metas","timestamp":"2025-07-12T17:21:11.658Z"}
{"level":"info","message":"Ruta registrada: /api/v1/consejos","timestamp":"2025-07-12T17:21:11.658Z"}
{"level":"info","message":"Ruta registrada: /api/v1/alertas","timestamp":"2025-07-12T17:21:11.659Z"}
{"level":"info","message":"Ruta registrada: /api/v1/health","timestamp":"2025-07-12T17:21:11.659Z"}
{"level":"info","message":"Ruta registrada: /api/v1/docs","timestamp":"2025-07-12T17:21:11.660Z"}
{"level":"info","message":"🚀 Servidor: Puerto 3006\n🌍 Entorno: development\n⚙️  Workers: 1\n⏰ Hora: 12:21:11 p. m.","timestamp":"2025-07-12T17:21:11.670Z"}
{"correlationId":"5a41a8fe-7b87-48c0-a49c-f2a99acb8640","ip":"::1","level":"error","message":"Error 500 Cannot read properties of undefined (reading 'tipo')","method":"GET","path":"/api/v1/movimientos","stack":"TypeError: Cannot read properties of undefined (reading 'tipo')\n    at limiteGastosDiarios (file:///D:/Maykol/A2025-I/Emprendurismo/Proyecto/control-gastos-web/backend/middleware/limitesMiddleware.js:6:22)\n    at Layer.handleRequest (D:\\Maykol\\A2025-I\\Emprendurismo\\Proyecto\\control-gastos-web\\backend\\node_modules\\router\\lib\\layer.js:152:17)\n    at trimPrefix (D:\\Maykol\\A2025-I\\Emprendurismo\\Proyecto\\control-gastos-web\\backend\\node_modules\\router\\index.js:342:13)\n    at D:\\Maykol\\A2025-I\\Emprendurismo\\Proyecto\\control-gastos-web\\backend\\node_modules\\router\\index.js:297:9\n    at processParams (D:\\Maykol\\A2025-I\\Emprendurismo\\Proyecto\\control-gastos-web\\backend\\node_modules\\router\\index.js:582:12)\n    at next (D:\\Maykol\\A2025-I\\Emprendurismo\\Proyecto\\control-gastos-web\\backend\\node_modules\\router\\index.js:291:5)\n    at file:///D:/Maykol/A2025-I/Emprendurismo/Proyecto/control-gastos-web/backend/node_modules/express-rate-limit/dist/index.mjs:216:7\n    at process.processTicksAndRejections (node:internal/process/task_queues:105:5)\n    at async file:///D:/Maykol/A2025-I/Emprendurismo/Proyecto/control-gastos-web/backend/node_modules/express-rate-limit/dist/index.mjs:124:5","timestamp":"2025-07-12T17:29:50.302Z","userAgent":"Mozilla/5.0 (Windows NT 10.0; Win64; x64) AppleWebKit/537.36 (KHTML, like Gecko) Chrome/138.0.0.0 Safari/537.36"}
{"correlationId":"2fc27b44-50b8-4828-884a-ba7d9db1dbc6","ip":"::1","level":"error","message":"Error 500 Cannot read properties of undefined (reading 'tipo')","method":"GET","path":"/api/v1/movimientos","stack":"TypeError: Cannot read properties of undefined (reading 'tipo')\n    at limiteGastosDiarios (file:///D:/Maykol/A2025-I/Emprendurismo/Proyecto/control-gastos-web/backend/middleware/limitesMiddleware.js:6:22)\n    at Layer.handleRequest (D:\\Maykol\\A2025-I\\Emprendurismo\\Proyecto\\control-gastos-web\\backend\\node_modules\\router\\lib\\layer.js:152:17)\n    at trimPrefix (D:\\Maykol\\A2025-I\\Emprendurismo\\Proyecto\\control-gastos-web\\backend\\node_modules\\router\\index.js:342:13)\n    at D:\\Maykol\\A2025-I\\Emprendurismo\\Proyecto\\control-gastos-web\\backend\\node_modules\\router\\index.js:297:9\n    at processParams (D:\\Maykol\\A2025-I\\Emprendurismo\\Proyecto\\control-gastos-web\\backend\\node_modules\\router\\index.js:582:12)\n    at next (D:\\Maykol\\A2025-I\\Emprendurismo\\Proyecto\\control-gastos-web\\backend\\node_modules\\router\\index.js:291:5)\n    at file:///D:/Maykol/A2025-I/Emprendurismo/Proyecto/control-gastos-web/backend/node_modules/express-rate-limit/dist/index.mjs:216:7\n    at process.processTicksAndRejections (node:internal/process/task_queues:105:5)\n    at async file:///D:/Maykol/A2025-I/Emprendurismo/Proyecto/control-gastos-web/backend/node_modules/express-rate-limit/dist/index.mjs:124:5","timestamp":"2025-07-12T17:30:38.293Z","userAgent":"Mozilla/5.0 (Windows NT 10.0; Win64; x64) AppleWebKit/537.36 (KHTML, like Gecko) Chrome/138.0.0.0 Safari/537.36"}
{"level":"warn","message":"🔴 Recibido SIGINT. Cerrando servidor...","timestamp":"2025-07-12T17:33:36.132Z"}
{"level":"info","message":"✅ Base de datos sincronizada","timestamp":"2025-07-12T17:36:33.779Z"}
{"level":"info","message":"Ruta registrada: /api/v1/auth","timestamp":"2025-07-12T17:36:33.782Z"}
{"level":"info","message":"Ruta registrada: /api/v1/movimientos","timestamp":"2025-07-12T17:36:33.783Z"}
{"level":"info","message":"Ruta registrada: /api/v1/categorias","timestamp":"2025-07-12T17:36:33.783Z"}
{"level":"info","message":"Ruta registrada: /api/v1/metas","timestamp":"2025-07-12T17:36:33.784Z"}
{"level":"info","message":"Ruta registrada: /api/v1/consejos","timestamp":"2025-07-12T17:36:33.784Z"}
{"level":"info","message":"Ruta registrada: /api/v1/alertas","timestamp":"2025-07-12T17:36:33.785Z"}
{"level":"info","message":"Ruta registrada: /api/v1/health","timestamp":"2025-07-12T17:36:33.785Z"}
{"level":"info","message":"Ruta registrada: /api/v1/docs","timestamp":"2025-07-12T17:36:33.785Z"}
{"level":"info","message":"🚀 Servidor: Puerto 3006\n🌍 Entorno: development\n⚙️  Workers: 1\n⏰ Hora: 12:36:33 p. m.","timestamp":"2025-07-12T17:36:33.804Z"}
{"correlationId":"7147844a-f0ab-4e81-8b47-e444c4c8b63b","ip":"::1","level":"error","message":"Error 401 Acceso no autorizado","method":"GET","path":"/api/v1/movimientos","stack":"Error: Acceso no autorizado\n    at autenticar (file:///D:/Maykol/A2025-I/Emprendurismo/Proyecto/control-gastos-web/backend/middleware/authMiddleware.js:8:27)\n    at Layer.handleRequest (D:\\Maykol\\A2025-I\\Emprendurismo\\Proyecto\\control-gastos-web\\backend\\node_modules\\router\\lib\\layer.js:152:17)\n    at trimPrefix (D:\\Maykol\\A2025-I\\Emprendurismo\\Proyecto\\control-gastos-web\\backend\\node_modules\\router\\index.js:342:13)\n    at D:\\Maykol\\A2025-I\\Emprendurismo\\Proyecto\\control-gastos-web\\backend\\node_modules\\router\\index.js:297:9\n    at processParams (D:\\Maykol\\A2025-I\\Emprendurismo\\Proyecto\\control-gastos-web\\backend\\node_modules\\router\\index.js:582:12)\n    at next (D:\\Maykol\\A2025-I\\Emprendurismo\\Proyecto\\control-gastos-web\\backend\\node_modules\\router\\index.js:291:5)\n    at Function.handle (D:\\Maykol\\A2025-I\\Emprendurismo\\Proyecto\\control-gastos-web\\backend\\node_modules\\router\\index.js:186:3)\n    at router (D:\\Maykol\\A2025-I\\Emprendurismo\\Proyecto\\control-gastos-web\\backend\\node_modules\\router\\index.js:60:12)\n    at Layer.handleRequest (D:\\Maykol\\A2025-I\\Emprendurismo\\Proyecto\\control-gastos-web\\backend\\node_modules\\router\\lib\\layer.js:152:17)\n    at trimPrefix (D:\\Maykol\\A2025-I\\Emprendurismo\\Proyecto\\control-gastos-web\\backend\\node_modules\\router\\index.js:342:13)","timestamp":"2025-07-12T18:10:08.301Z","userAgent":"Mozilla/5.0 (Windows NT 10.0; Win64; x64) AppleWebKit/537.36 (KHTML, like Gecko) Chrome/138.0.0.0 Safari/537.36"}
{"correlationId":"d56854ca-6e75-4e0e-b000-98e66eae4089","ip":"::1","level":"error","message":"Error 401 Acceso no autorizado","method":"GET","path":"/api/v1/movimientos","stack":"Error: Acceso no autorizado\n    at autenticar (file:///D:/Maykol/A2025-I/Emprendurismo/Proyecto/control-gastos-web/backend/middleware/authMiddleware.js:8:27)\n    at Layer.handleRequest (D:\\Maykol\\A2025-I\\Emprendurismo\\Proyecto\\control-gastos-web\\backend\\node_modules\\router\\lib\\layer.js:152:17)\n    at trimPrefix (D:\\Maykol\\A2025-I\\Emprendurismo\\Proyecto\\control-gastos-web\\backend\\node_modules\\router\\index.js:342:13)\n    at D:\\Maykol\\A2025-I\\Emprendurismo\\Proyecto\\control-gastos-web\\backend\\node_modules\\router\\index.js:297:9\n    at processParams (D:\\Maykol\\A2025-I\\Emprendurismo\\Proyecto\\control-gastos-web\\backend\\node_modules\\router\\index.js:582:12)\n    at next (D:\\Maykol\\A2025-I\\Emprendurismo\\Proyecto\\control-gastos-web\\backend\\node_modules\\router\\index.js:291:5)\n    at Function.handle (D:\\Maykol\\A2025-I\\Emprendurismo\\Proyecto\\control-gastos-web\\backend\\node_modules\\router\\index.js:186:3)\n    at router (D:\\Maykol\\A2025-I\\Emprendurismo\\Proyecto\\control-gastos-web\\backend\\node_modules\\router\\index.js:60:12)\n    at Layer.handleRequest (D:\\Maykol\\A2025-I\\Emprendurismo\\Proyecto\\control-gastos-web\\backend\\node_modules\\router\\lib\\layer.js:152:17)\n    at trimPrefix (D:\\Maykol\\A2025-I\\Emprendurismo\\Proyecto\\control-gastos-web\\backend\\node_modules\\router\\index.js:342:13)","timestamp":"2025-07-12T18:10:08.305Z","userAgent":"Mozilla/5.0 (Windows NT 10.0; Win64; x64) AppleWebKit/537.36 (KHTML, like Gecko) Chrome/138.0.0.0 Safari/537.36"}
{"correlationId":"0e528475-daf8-47be-a67a-4616b5c7b7dd","ip":"::1","level":"error","message":"Error 401 Acceso no autorizado","method":"GET","path":"/api/v1/movimientos","stack":"Error: Acceso no autorizado\n    at autenticar (file:///D:/Maykol/A2025-I/Emprendurismo/Proyecto/control-gastos-web/backend/middleware/authMiddleware.js:8:27)\n    at Layer.handleRequest (D:\\Maykol\\A2025-I\\Emprendurismo\\Proyecto\\control-gastos-web\\backend\\node_modules\\router\\lib\\layer.js:152:17)\n    at trimPrefix (D:\\Maykol\\A2025-I\\Emprendurismo\\Proyecto\\control-gastos-web\\backend\\node_modules\\router\\index.js:342:13)\n    at D:\\Maykol\\A2025-I\\Emprendurismo\\Proyecto\\control-gastos-web\\backend\\node_modules\\router\\index.js:297:9\n    at processParams (D:\\Maykol\\A2025-I\\Emprendurismo\\Proyecto\\control-gastos-web\\backend\\node_modules\\router\\index.js:582:12)\n    at next (D:\\Maykol\\A2025-I\\Emprendurismo\\Proyecto\\control-gastos-web\\backend\\node_modules\\router\\index.js:291:5)\n    at Function.handle (D:\\Maykol\\A2025-I\\Emprendurismo\\Proyecto\\control-gastos-web\\backend\\node_modules\\router\\index.js:186:3)\n    at router (D:\\Maykol\\A2025-I\\Emprendurismo\\Proyecto\\control-gastos-web\\backend\\node_modules\\router\\index.js:60:12)\n    at Layer.handleRequest (D:\\Maykol\\A2025-I\\Emprendurismo\\Proyecto\\control-gastos-web\\backend\\node_modules\\router\\lib\\layer.js:152:17)\n    at trimPrefix (D:\\Maykol\\A2025-I\\Emprendurismo\\Proyecto\\control-gastos-web\\backend\\node_modules\\router\\index.js:342:13)","timestamp":"2025-07-12T18:10:18.354Z","userAgent":"Mozilla/5.0 (Windows NT 10.0; Win64; x64) AppleWebKit/537.36 (KHTML, like Gecko) Chrome/138.0.0.0 Safari/537.36"}
{"correlationId":"58d49f67-d48b-4c74-966d-bfafb5be8f54","ip":"::1","level":"error","message":"Error 401 Acceso no autorizado","method":"GET","path":"/api/v1/movimientos","stack":"Error: Acceso no autorizado\n    at autenticar (file:///D:/Maykol/A2025-I/Emprendurismo/Proyecto/control-gastos-web/backend/middleware/authMiddleware.js:8:27)\n    at Layer.handleRequest (D:\\Maykol\\A2025-I\\Emprendurismo\\Proyecto\\control-gastos-web\\backend\\node_modules\\router\\lib\\layer.js:152:17)\n    at trimPrefix (D:\\Maykol\\A2025-I\\Emprendurismo\\Proyecto\\control-gastos-web\\backend\\node_modules\\router\\index.js:342:13)\n    at D:\\Maykol\\A2025-I\\Emprendurismo\\Proyecto\\control-gastos-web\\backend\\node_modules\\router\\index.js:297:9\n    at processParams (D:\\Maykol\\A2025-I\\Emprendurismo\\Proyecto\\control-gastos-web\\backend\\node_modules\\router\\index.js:582:12)\n    at next (D:\\Maykol\\A2025-I\\Emprendurismo\\Proyecto\\control-gastos-web\\backend\\node_modules\\router\\index.js:291:5)\n    at Function.handle (D:\\Maykol\\A2025-I\\Emprendurismo\\Proyecto\\control-gastos-web\\backend\\node_modules\\router\\index.js:186:3)\n    at router (D:\\Maykol\\A2025-I\\Emprendurismo\\Proyecto\\control-gastos-web\\backend\\node_modules\\router\\index.js:60:12)\n    at Layer.handleRequest (D:\\Maykol\\A2025-I\\Emprendurismo\\Proyecto\\control-gastos-web\\backend\\node_modules\\router\\lib\\layer.js:152:17)\n    at trimPrefix (D:\\Maykol\\A2025-I\\Emprendurismo\\Proyecto\\control-gastos-web\\backend\\node_modules\\router\\index.js:342:13)","timestamp":"2025-07-12T18:10:18.358Z","userAgent":"Mozilla/5.0 (Windows NT 10.0; Win64; x64) AppleWebKit/537.36 (KHTML, like Gecko) Chrome/138.0.0.0 Safari/537.36"}
{"level":"info","message":"✅ Base de datos sincronizada","timestamp":"2025-07-12T21:29:10.149Z"}
{"level":"info","message":"Ruta registrada: /api/v1/auth","timestamp":"2025-07-12T21:29:10.152Z"}
{"level":"info","message":"Ruta registrada: /api/v1/movimientos","timestamp":"2025-07-12T21:29:10.152Z"}
{"level":"info","message":"Ruta registrada: /api/v1/categorias","timestamp":"2025-07-12T21:29:10.153Z"}
{"level":"info","message":"Ruta registrada: /api/v1/metas","timestamp":"2025-07-12T21:29:10.153Z"}
{"level":"info","message":"Ruta registrada: /api/v1/consejos","timestamp":"2025-07-12T21:29:10.154Z"}
{"level":"info","message":"Ruta registrada: /api/v1/alertas","timestamp":"2025-07-12T21:29:10.154Z"}
{"level":"info","message":"Ruta registrada: /api/v1/health","timestamp":"2025-07-12T21:29:10.155Z"}
{"level":"info","message":"Ruta registrada: /api/v1/docs","timestamp":"2025-07-12T21:29:10.155Z"}
{"level":"info","message":"🚀 Servidor: Puerto 3006\n🌍 Entorno: development\n⚙️  Workers: 1\n⏰ Hora: 4:29:10 p. m.","timestamp":"2025-07-12T21:29:10.169Z"}
{"correlationId":"c1841452-616c-4e2d-9e83-609de00c84e1","ip":"::1","level":"error","message":"Error 500 Cannot destructure property 'tipo' of 'req.body' as it is undefined.","method":"POST","path":"/api/v1/movimientos","stack":"TypeError: Cannot destructure property 'tipo' of 'req.body' as it is undefined.\n    at crearMovimiento (file:///D:/Maykol/A2025-I/Emprendurismo/Proyecto/control-gastos-web/backend/controllers/movimientoController.js:6:17)\n    at Layer.handleRequest (D:\\Maykol\\A2025-I\\Emprendurismo\\Proyecto\\control-gastos-web\\backend\\node_modules\\router\\lib\\layer.js:152:17)\n    at next (D:\\Maykol\\A2025-I\\Emprendurismo\\Proyecto\\control-gastos-web\\backend\\node_modules\\router\\lib\\route.js:157:13)\n    at Route.dispatch (D:\\Maykol\\A2025-I\\Emprendurismo\\Proyecto\\control-gastos-web\\backend\\node_modules\\router\\lib\\route.js:117:3)\n    at handle (D:\\Maykol\\A2025-I\\Emprendurismo\\Proyecto\\control-gastos-web\\backend\\node_modules\\router\\index.js:435:11)\n    at Layer.handleRequest (D:\\Maykol\\A2025-I\\Emprendurismo\\Proyecto\\control-gastos-web\\backend\\node_modules\\router\\lib\\layer.js:152:17)\n    at D:\\Maykol\\A2025-I\\Emprendurismo\\Proyecto\\control-gastos-web\\backend\\node_modules\\router\\index.js:295:15\n    at processParams (D:\\Maykol\\A2025-I\\Emprendurismo\\Proyecto\\control-gastos-web\\backend\\node_modules\\router\\index.js:582:12)\n    at next (D:\\Maykol\\A2025-I\\Emprendurismo\\Proyecto\\control-gastos-web\\backend\\node_modules\\router\\index.js:291:5)\n    at autenticar (file:///D:/Maykol/A2025-I/Emprendurismo/Proyecto/control-gastos-web/backend/middleware/authMiddleware.js:17:9)","timestamp":"2025-07-13T02:53:32.576Z","userAgent":"PostmanRuntime/7.44.1"}
{"level":"warn","message":"🔴 Recibido SIGINT. Cerrando servidor...","timestamp":"2025-07-13T03:41:46.049Z"}
{"level":"info","message":"✅ Base de datos sincronizada","timestamp":"2025-07-13T03:57:31.583Z"}
{"level":"info","message":"Ruta registrada: /api/v1/auth","timestamp":"2025-07-13T03:57:31.585Z"}
{"level":"info","message":"Ruta registrada: /api/v1/movimientos","timestamp":"2025-07-13T03:57:31.586Z"}
{"level":"info","message":"Ruta registrada: /api/v1/categorias","timestamp":"2025-07-13T03:57:31.586Z"}
{"level":"info","message":"Ruta registrada: /api/v1/metas","timestamp":"2025-07-13T03:57:31.587Z"}
{"level":"info","message":"Ruta registrada: /api/v1/consejos","timestamp":"2025-07-13T03:57:31.587Z"}
{"level":"info","message":"Ruta registrada: /api/v1/alertas","timestamp":"2025-07-13T03:57:31.588Z"}
{"level":"info","message":"Ruta registrada: /api/v1/health","timestamp":"2025-07-13T03:57:31.588Z"}
{"level":"info","message":"Ruta registrada: /api/v1/docs","timestamp":"2025-07-13T03:57:31.589Z"}
{"level":"info","message":"🚀 Servidor: Puerto 3006\n🌍 Entorno: development\n⚙️  Workers: 1\n⏰ Hora: 10:57:31 p. m.","timestamp":"2025-07-13T03:57:31.602Z"}
{"correlationId":"ec6f7384-4b53-47d4-9dd3-737bc875541b","ip":"::1","level":"error","message":"Error 500 Categoria is associated to Movimiento using an alias. You must use the 'as' keyword to specify the alias within your include statement.","method":"GET","path":"/api/v1/movimientos","stack":"SequelizeEagerLoadingError: Categoria is associated to Movimiento using an alias. You must use the 'as' keyword to specify the alias within your include statement.\n    at Movimiento._getIncludedAssociation (D:\\Maykol\\A2025-I\\Emprendurismo\\Proyecto\\control-gastos-web\\backend\\node_modules\\sequelize\\lib\\model.js:576:13)\n    at Movimiento._validateIncludedElement (D:\\Maykol\\A2025-I\\Emprendurismo\\Proyecto\\control-gastos-web\\backend\\node_modules\\sequelize\\lib\\model.js:502:53)\n    at D:\\Maykol\\A2025-I\\Emprendurismo\\Proyecto\\control-gastos-web\\backend\\node_modules\\sequelize\\lib\\model.js:421:37\n    at Array.map (<anonymous>)\n    at Movimiento._validateIncludedElements (D:\\Maykol\\A2025-I\\Emprendurismo\\Proyecto\\control-gastos-web\\backend\\node_modules\\sequelize\\lib\\model.js:417:39)\n    at Movimiento.findAll (D:\\Maykol\\A2025-I\\Emprendurismo\\Proyecto\\control-gastos-web\\backend\\node_modules\\sequelize\\lib\\model.js:1124:12)\n    at process.processTicksAndRejections (node:internal/process/task_queues:105:5)\n    at async obtenerMovimientos (file:///D:/Maykol/A2025-I/Emprendurismo/Proyecto/control-gastos-web/backend/controllers/movimientoController.js:39:29)","timestamp":"2025-07-13T04:05:09.812Z","userAgent":"Mozilla/5.0 (Windows NT 10.0; Win64; x64) AppleWebKit/537.36 (KHTML, like Gecko) Chrome/138.0.0.0 Safari/537.36"}
{"correlationId":"c4879ad6-49f0-4301-8162-622dd3be6e1f","ip":"::1","level":"error","message":"Error 500 Categoria is associated to Movimiento using an alias. You must use the 'as' keyword to specify the alias within your include statement.","method":"GET","path":"/api/v1/movimientos","stack":"SequelizeEagerLoadingError: Categoria is associated to Movimiento using an alias. You must use the 'as' keyword to specify the alias within your include statement.\n    at Movimiento._getIncludedAssociation (D:\\Maykol\\A2025-I\\Emprendurismo\\Proyecto\\control-gastos-web\\backend\\node_modules\\sequelize\\lib\\model.js:576:13)\n    at Movimiento._validateIncludedElement (D:\\Maykol\\A2025-I\\Emprendurismo\\Proyecto\\control-gastos-web\\backend\\node_modules\\sequelize\\lib\\model.js:502:53)\n    at D:\\Maykol\\A2025-I\\Emprendurismo\\Proyecto\\control-gastos-web\\backend\\node_modules\\sequelize\\lib\\model.js:421:37\n    at Array.map (<anonymous>)\n    at Movimiento._validateIncludedElements (D:\\Maykol\\A2025-I\\Emprendurismo\\Proyecto\\control-gastos-web\\backend\\node_modules\\sequelize\\lib\\model.js:417:39)\n    at Movimiento.findAll (D:\\Maykol\\A2025-I\\Emprendurismo\\Proyecto\\control-gastos-web\\backend\\node_modules\\sequelize\\lib\\model.js:1124:12)\n    at process.processTicksAndRejections (node:internal/process/task_queues:105:5)\n    at async obtenerMovimientos (file:///D:/Maykol/A2025-I/Emprendurismo/Proyecto/control-gastos-web/backend/controllers/movimientoController.js:39:29)","timestamp":"2025-07-13T04:05:09.831Z","userAgent":"Mozilla/5.0 (Windows NT 10.0; Win64; x64) AppleWebKit/537.36 (KHTML, like Gecko) Chrome/138.0.0.0 Safari/537.36"}
{"correlationId":"5054c600-dffb-4da7-bb18-88933ec24b80","ip":"::1","level":"error","message":"Error 500 Categoria is associated to Movimiento using an alias. You must use the 'as' keyword to specify the alias within your include statement.","method":"GET","path":"/api/v1/movimientos","stack":"SequelizeEagerLoadingError: Categoria is associated to Movimiento using an alias. You must use the 'as' keyword to specify the alias within your include statement.\n    at Movimiento._getIncludedAssociation (D:\\Maykol\\A2025-I\\Emprendurismo\\Proyecto\\control-gastos-web\\backend\\node_modules\\sequelize\\lib\\model.js:576:13)\n    at Movimiento._validateIncludedElement (D:\\Maykol\\A2025-I\\Emprendurismo\\Proyecto\\control-gastos-web\\backend\\node_modules\\sequelize\\lib\\model.js:502:53)\n    at D:\\Maykol\\A2025-I\\Emprendurismo\\Proyecto\\control-gastos-web\\backend\\node_modules\\sequelize\\lib\\model.js:421:37\n    at Array.map (<anonymous>)\n    at Movimiento._validateIncludedElements (D:\\Maykol\\A2025-I\\Emprendurismo\\Proyecto\\control-gastos-web\\backend\\node_modules\\sequelize\\lib\\model.js:417:39)\n    at Movimiento.findAll (D:\\Maykol\\A2025-I\\Emprendurismo\\Proyecto\\control-gastos-web\\backend\\node_modules\\sequelize\\lib\\model.js:1124:12)\n    at process.processTicksAndRejections (node:internal/process/task_queues:105:5)\n    at async obtenerMovimientos (file:///D:/Maykol/A2025-I/Emprendurismo/Proyecto/control-gastos-web/backend/controllers/movimientoController.js:39:29)","timestamp":"2025-07-13T04:07:30.233Z","userAgent":"Mozilla/5.0 (Windows NT 10.0; Win64; x64) AppleWebKit/537.36 (KHTML, like Gecko) Chrome/138.0.0.0 Safari/537.36"}
{"correlationId":"15faae63-9123-4f15-a874-64f48a4b0874","ip":"::1","level":"error","message":"Error 500 Categoria is associated to Movimiento using an alias. You must use the 'as' keyword to specify the alias within your include statement.","method":"GET","path":"/api/v1/movimientos","stack":"SequelizeEagerLoadingError: Categoria is associated to Movimiento using an alias. You must use the 'as' keyword to specify the alias within your include statement.\n    at Movimiento._getIncludedAssociation (D:\\Maykol\\A2025-I\\Emprendurismo\\Proyecto\\control-gastos-web\\backend\\node_modules\\sequelize\\lib\\model.js:576:13)\n    at Movimiento._validateIncludedElement (D:\\Maykol\\A2025-I\\Emprendurismo\\Proyecto\\control-gastos-web\\backend\\node_modules\\sequelize\\lib\\model.js:502:53)\n    at D:\\Maykol\\A2025-I\\Emprendurismo\\Proyecto\\control-gastos-web\\backend\\node_modules\\sequelize\\lib\\model.js:421:37\n    at Array.map (<anonymous>)\n    at Movimiento._validateIncludedElements (D:\\Maykol\\A2025-I\\Emprendurismo\\Proyecto\\control-gastos-web\\backend\\node_modules\\sequelize\\lib\\model.js:417:39)\n    at Movimiento.findAll (D:\\Maykol\\A2025-I\\Emprendurismo\\Proyecto\\control-gastos-web\\backend\\node_modules\\sequelize\\lib\\model.js:1124:12)\n    at process.processTicksAndRejections (node:internal/process/task_queues:105:5)\n    at async obtenerMovimientos (file:///D:/Maykol/A2025-I/Emprendurismo/Proyecto/control-gastos-web/backend/controllers/movimientoController.js:39:29)","timestamp":"2025-07-13T04:07:30.242Z","userAgent":"Mozilla/5.0 (Windows NT 10.0; Win64; x64) AppleWebKit/537.36 (KHTML, like Gecko) Chrome/138.0.0.0 Safari/537.36"}
{"correlationId":"ac41c4f9-897c-4bf2-8a89-826efa3b131c","ip":"::1","level":"error","message":"Error 500 Categoria is associated to Movimiento using an alias. You must use the 'as' keyword to specify the alias within your include statement.","method":"GET","path":"/api/v1/movimientos","stack":"SequelizeEagerLoadingError: Categoria is associated to Movimiento using an alias. You must use the 'as' keyword to specify the alias within your include statement.\n    at Movimiento._getIncludedAssociation (D:\\Maykol\\A2025-I\\Emprendurismo\\Proyecto\\control-gastos-web\\backend\\node_modules\\sequelize\\lib\\model.js:576:13)\n    at Movimiento._validateIncludedElement (D:\\Maykol\\A2025-I\\Emprendurismo\\Proyecto\\control-gastos-web\\backend\\node_modules\\sequelize\\lib\\model.js:502:53)\n    at D:\\Maykol\\A2025-I\\Emprendurismo\\Proyecto\\control-gastos-web\\backend\\node_modules\\sequelize\\lib\\model.js:421:37\n    at Array.map (<anonymous>)\n    at Movimiento._validateIncludedElements (D:\\Maykol\\A2025-I\\Emprendurismo\\Proyecto\\control-gastos-web\\backend\\node_modules\\sequelize\\lib\\model.js:417:39)\n    at Movimiento.findAll (D:\\Maykol\\A2025-I\\Emprendurismo\\Proyecto\\control-gastos-web\\backend\\node_modules\\sequelize\\lib\\model.js:1124:12)\n    at process.processTicksAndRejections (node:internal/process/task_queues:105:5)\n    at async obtenerMovimientos (file:///D:/Maykol/A2025-I/Emprendurismo/Proyecto/control-gastos-web/backend/controllers/movimientoController.js:39:29)","timestamp":"2025-07-13T04:12:25.060Z","userAgent":"Mozilla/5.0 (Windows NT 10.0; Win64; x64) AppleWebKit/537.36 (KHTML, like Gecko) Chrome/138.0.0.0 Safari/537.36"}
{"correlationId":"8f137bfc-c82c-4783-babe-6a0fda8ba990","ip":"::1","level":"error","message":"Error 500 Categoria is associated to Movimiento using an alias. You must use the 'as' keyword to specify the alias within your include statement.","method":"GET","path":"/api/v1/movimientos","stack":"SequelizeEagerLoadingError: Categoria is associated to Movimiento using an alias. You must use the 'as' keyword to specify the alias within your include statement.\n    at Movimiento._getIncludedAssociation (D:\\Maykol\\A2025-I\\Emprendurismo\\Proyecto\\control-gastos-web\\backend\\node_modules\\sequelize\\lib\\model.js:576:13)\n    at Movimiento._validateIncludedElement (D:\\Maykol\\A2025-I\\Emprendurismo\\Proyecto\\control-gastos-web\\backend\\node_modules\\sequelize\\lib\\model.js:502:53)\n    at D:\\Maykol\\A2025-I\\Emprendurismo\\Proyecto\\control-gastos-web\\backend\\node_modules\\sequelize\\lib\\model.js:421:37\n    at Array.map (<anonymous>)\n    at Movimiento._validateIncludedElements (D:\\Maykol\\A2025-I\\Emprendurismo\\Proyecto\\control-gastos-web\\backend\\node_modules\\sequelize\\lib\\model.js:417:39)\n    at Movimiento.findAll (D:\\Maykol\\A2025-I\\Emprendurismo\\Proyecto\\control-gastos-web\\backend\\node_modules\\sequelize\\lib\\model.js:1124:12)\n    at process.processTicksAndRejections (node:internal/process/task_queues:105:5)\n    at async obtenerMovimientos (file:///D:/Maykol/A2025-I/Emprendurismo/Proyecto/control-gastos-web/backend/controllers/movimientoController.js:39:29)","timestamp":"2025-07-13T04:12:25.069Z","userAgent":"Mozilla/5.0 (Windows NT 10.0; Win64; x64) AppleWebKit/537.36 (KHTML, like Gecko) Chrome/138.0.0.0 Safari/537.36"}
{"level":"warn","message":"🔴 Recibido SIGINT. Cerrando servidor...","timestamp":"2025-07-13T04:12:43.658Z"}
{"level":"info","message":"✅ Base de datos sincronizada","timestamp":"2025-07-13T04:23:08.532Z"}
{"level":"info","message":"Ruta registrada: /api/v1/auth","timestamp":"2025-07-13T04:23:08.534Z"}
{"level":"info","message":"Ruta registrada: /api/v1/movimientos","timestamp":"2025-07-13T04:23:08.535Z"}
{"level":"info","message":"Ruta registrada: /api/v1/categorias","timestamp":"2025-07-13T04:23:08.535Z"}
{"level":"info","message":"Ruta registrada: /api/v1/metas","timestamp":"2025-07-13T04:23:08.536Z"}
{"level":"info","message":"Ruta registrada: /api/v1/consejos","timestamp":"2025-07-13T04:23:08.536Z"}
{"level":"info","message":"Ruta registrada: /api/v1/alertas","timestamp":"2025-07-13T04:23:08.537Z"}
{"level":"info","message":"Ruta registrada: /api/v1/health","timestamp":"2025-07-13T04:23:08.537Z"}
{"level":"info","message":"Ruta registrada: /api/v1/docs","timestamp":"2025-07-13T04:23:08.537Z"}
{"level":"info","message":"🚀 Servidor: Puerto 3006\n🌍 Entorno: development\n⚙️  Workers: 1\n⏰ Hora: 11:23:08 p. m.","timestamp":"2025-07-13T04:23:08.550Z"}
{"level":"info","message":"✅ Base de datos sincronizada","timestamp":"2025-07-13T05:01:48.468Z"}
{"level":"info","message":"Ruta registrada: /api/v1/auth","timestamp":"2025-07-13T05:01:48.470Z"}
{"level":"info","message":"Ruta registrada: /api/v1/movimientos","timestamp":"2025-07-13T05:01:48.471Z"}
{"level":"info","message":"Ruta registrada: /api/v1/categorias","timestamp":"2025-07-13T05:01:48.471Z"}
{"level":"info","message":"Ruta registrada: /api/v1/metas","timestamp":"2025-07-13T05:01:48.472Z"}
{"level":"info","message":"Ruta registrada: /api/v1/consejos","timestamp":"2025-07-13T05:01:48.472Z"}
{"level":"info","message":"Ruta registrada: /api/v1/alertas","timestamp":"2025-07-13T05:01:48.473Z"}
{"level":"info","message":"Ruta registrada: /api/v1/health","timestamp":"2025-07-13T05:01:48.473Z"}
{"level":"info","message":"Ruta registrada: /api/v1/docs","timestamp":"2025-07-13T05:01:48.474Z"}
{"level":"info","message":"🚀 Servidor: Puerto 3006\n🌍 Entorno: development\n⚙️  Workers: 1\n⏰ Hora: 12:01:48 a. m.","timestamp":"2025-07-13T05:01:48.533Z"}
{"level":"warn","message":"🔴 Recibido SIGINT. Cerrando servidor...","timestamp":"2025-07-13T05:18:14.815Z"}
{"level":"info","message":"✅ Base de datos sincronizada","timestamp":"2025-07-13T05:21:05.517Z"}
{"level":"info","message":"Ruta registrada: /api/v1/auth","timestamp":"2025-07-13T05:21:05.519Z"}
{"level":"info","message":"Ruta registrada: /api/v1/movimientos","timestamp":"2025-07-13T05:21:05.520Z"}
{"level":"info","message":"Ruta registrada: /api/v1/categorias","timestamp":"2025-07-13T05:21:05.521Z"}
{"level":"info","message":"Ruta registrada: /api/v1/metas","timestamp":"2025-07-13T05:21:05.521Z"}
{"level":"info","message":"Ruta registrada: /api/v1/consejos","timestamp":"2025-07-13T05:21:05.522Z"}
{"level":"info","message":"Ruta registrada: /api/v1/alertas","timestamp":"2025-07-13T05:21:05.522Z"}
{"level":"info","message":"Ruta registrada: /api/v1/health","timestamp":"2025-07-13T05:21:05.523Z"}
{"level":"info","message":"Ruta registrada: /api/v1/docs","timestamp":"2025-07-13T05:21:05.523Z"}
{"level":"info","message":"🚀 Servidor: Puerto 3006\n🌍 Entorno: development\n⚙️  Workers: 1\n⏰ Hora: 12:21:05 a. m.","timestamp":"2025-07-13T05:21:05.535Z"}
{"correlationId":"4974e098-9485-4048-b76c-be8c1a993493","ip":"::1","level":"error","message":"Error 500 Cannot read properties of undefined (reading 'id')","method":"POST","path":"/api/v1/categorias","stack":"TypeError: Cannot read properties of undefined (reading 'id')\n    at limiteGastosDiarios (file:///D:/Maykol/A2025-I/Emprendurismo/Proyecto/control-gastos-web/backend/middleware/limitesMiddleware.js:16:35)\n    at Layer.handleRequest (D:\\Maykol\\A2025-I\\Emprendurismo\\Proyecto\\control-gastos-web\\backend\\node_modules\\router\\lib\\layer.js:152:17)\n    at trimPrefix (D:\\Maykol\\A2025-I\\Emprendurismo\\Proyecto\\control-gastos-web\\backend\\node_modules\\router\\index.js:342:13)\n    at D:\\Maykol\\A2025-I\\Emprendurismo\\Proyecto\\control-gastos-web\\backend\\node_modules\\router\\index.js:297:9\n    at processParams (D:\\Maykol\\A2025-I\\Emprendurismo\\Proyecto\\control-gastos-web\\backend\\node_modules\\router\\index.js:582:12)\n    at next (D:\\Maykol\\A2025-I\\Emprendurismo\\Proyecto\\control-gastos-web\\backend\\node_modules\\router\\index.js:291:5)\n    at file:///D:/Maykol/A2025-I/Emprendurismo/Proyecto/control-gastos-web/backend/node_modules/express-rate-limit/dist/index.mjs:216:7\n    at process.processTicksAndRejections (node:internal/process/task_queues:105:5)\n    at async file:///D:/Maykol/A2025-I/Emprendurismo/Proyecto/control-gastos-web/backend/node_modules/express-rate-limit/dist/index.mjs:124:5","timestamp":"2025-07-13T05:51:10.011Z","userAgent":"Mozilla/5.0 (Windows NT 10.0; Win64; x64) AppleWebKit/537.36 (KHTML, like Gecko) Chrome/138.0.0.0 Safari/537.36"}
{"correlationId":"692dd361-5a06-4db7-b42b-5ec24f707418","ip":"::1","level":"error","message":"Error 500 Cannot read properties of undefined (reading 'id')","method":"POST","path":"/api/v1/categorias","stack":"TypeError: Cannot read properties of undefined (reading 'id')\n    at limiteGastosDiarios (file:///D:/Maykol/A2025-I/Emprendurismo/Proyecto/control-gastos-web/backend/middleware/limitesMiddleware.js:16:35)\n    at Layer.handleRequest (D:\\Maykol\\A2025-I\\Emprendurismo\\Proyecto\\control-gastos-web\\backend\\node_modules\\router\\lib\\layer.js:152:17)\n    at trimPrefix (D:\\Maykol\\A2025-I\\Emprendurismo\\Proyecto\\control-gastos-web\\backend\\node_modules\\router\\index.js:342:13)\n    at D:\\Maykol\\A2025-I\\Emprendurismo\\Proyecto\\control-gastos-web\\backend\\node_modules\\router\\index.js:297:9\n    at processParams (D:\\Maykol\\A2025-I\\Emprendurismo\\Proyecto\\control-gastos-web\\backend\\node_modules\\router\\index.js:582:12)\n    at next (D:\\Maykol\\A2025-I\\Emprendurismo\\Proyecto\\control-gastos-web\\backend\\node_modules\\router\\index.js:291:5)\n    at file:///D:/Maykol/A2025-I/Emprendurismo/Proyecto/control-gastos-web/backend/node_modules/express-rate-limit/dist/index.mjs:216:7\n    at process.processTicksAndRejections (node:internal/process/task_queues:105:5)\n    at async file:///D:/Maykol/A2025-I/Emprendurismo/Proyecto/control-gastos-web/backend/node_modules/express-rate-limit/dist/index.mjs:124:5","timestamp":"2025-07-13T05:55:12.594Z","userAgent":"Mozilla/5.0 (Windows NT 10.0; Win64; x64) AppleWebKit/537.36 (KHTML, like Gecko) Chrome/138.0.0.0 Safari/537.36"}
{"correlationId":"fc2528f0-5a4e-4819-bcb4-ff598a82596b","ip":"::1","level":"error","message":"Error 500 Cannot read properties of undefined (reading 'id')","method":"POST","path":"/api/v1/categorias","stack":"TypeError: Cannot read properties of undefined (reading 'id')\n    at limiteGastosDiarios (file:///D:/Maykol/A2025-I/Emprendurismo/Proyecto/control-gastos-web/backend/middleware/limitesMiddleware.js:16:35)\n    at Layer.handleRequest (D:\\Maykol\\A2025-I\\Emprendurismo\\Proyecto\\control-gastos-web\\backend\\node_modules\\router\\lib\\layer.js:152:17)\n    at trimPrefix (D:\\Maykol\\A2025-I\\Emprendurismo\\Proyecto\\control-gastos-web\\backend\\node_modules\\router\\index.js:342:13)\n    at D:\\Maykol\\A2025-I\\Emprendurismo\\Proyecto\\control-gastos-web\\backend\\node_modules\\router\\index.js:297:9\n    at processParams (D:\\Maykol\\A2025-I\\Emprendurismo\\Proyecto\\control-gastos-web\\backend\\node_modules\\router\\index.js:582:12)\n    at next (D:\\Maykol\\A2025-I\\Emprendurismo\\Proyecto\\control-gastos-web\\backend\\node_modules\\router\\index.js:291:5)\n    at file:///D:/Maykol/A2025-I/Emprendurismo/Proyecto/control-gastos-web/backend/node_modules/express-rate-limit/dist/index.mjs:216:7\n    at process.processTicksAndRejections (node:internal/process/task_queues:105:5)\n    at async file:///D:/Maykol/A2025-I/Emprendurismo/Proyecto/control-gastos-web/backend/node_modules/express-rate-limit/dist/index.mjs:124:5","timestamp":"2025-07-13T06:09:27.990Z","userAgent":"Mozilla/5.0 (Windows NT 10.0; Win64; x64) AppleWebKit/537.36 (KHTML, like Gecko) Chrome/138.0.0.0 Safari/537.36"}
{"correlationId":"2ad281a5-3ae0-431c-b581-b953dc453ea0","ip":"::1","level":"error","message":"Error 500 Cannot read properties of undefined (reading 'id')","method":"POST","path":"/api/v1/categorias","stack":"TypeError: Cannot read properties of undefined (reading 'id')\n    at limiteGastosDiarios (file:///D:/Maykol/A2025-I/Emprendurismo/Proyecto/control-gastos-web/backend/middleware/limitesMiddleware.js:16:35)\n    at Layer.handleRequest (D:\\Maykol\\A2025-I\\Emprendurismo\\Proyecto\\control-gastos-web\\backend\\node_modules\\router\\lib\\layer.js:152:17)\n    at trimPrefix (D:\\Maykol\\A2025-I\\Emprendurismo\\Proyecto\\control-gastos-web\\backend\\node_modules\\router\\index.js:342:13)\n    at D:\\Maykol\\A2025-I\\Emprendurismo\\Proyecto\\control-gastos-web\\backend\\node_modules\\router\\index.js:297:9\n    at processParams (D:\\Maykol\\A2025-I\\Emprendurismo\\Proyecto\\control-gastos-web\\backend\\node_modules\\router\\index.js:582:12)\n    at next (D:\\Maykol\\A2025-I\\Emprendurismo\\Proyecto\\control-gastos-web\\backend\\node_modules\\router\\index.js:291:5)\n    at file:///D:/Maykol/A2025-I/Emprendurismo/Proyecto/control-gastos-web/backend/node_modules/express-rate-limit/dist/index.mjs:216:7\n    at process.processTicksAndRejections (node:internal/process/task_queues:105:5)\n    at async file:///D:/Maykol/A2025-I/Emprendurismo/Proyecto/control-gastos-web/backend/node_modules/express-rate-limit/dist/index.mjs:124:5","timestamp":"2025-07-13T06:15:56.355Z","userAgent":"PostmanRuntime/7.44.1"}
{"correlationId":"30563aea-98a6-47fa-a4d3-1d53d7131357","ip":"::1","level":"error","message":"Error 500 Cannot read properties of undefined (reading 'id')","method":"POST","path":"/api/v1/categorias","stack":"TypeError: Cannot read properties of undefined (reading 'id')\n    at limiteGastosDiarios (file:///D:/Maykol/A2025-I/Emprendurismo/Proyecto/control-gastos-web/backend/middleware/limitesMiddleware.js:16:35)\n    at Layer.handleRequest (D:\\Maykol\\A2025-I\\Emprendurismo\\Proyecto\\control-gastos-web\\backend\\node_modules\\router\\lib\\layer.js:152:17)\n    at trimPrefix (D:\\Maykol\\A2025-I\\Emprendurismo\\Proyecto\\control-gastos-web\\backend\\node_modules\\router\\index.js:342:13)\n    at D:\\Maykol\\A2025-I\\Emprendurismo\\Proyecto\\control-gastos-web\\backend\\node_modules\\router\\index.js:297:9\n    at processParams (D:\\Maykol\\A2025-I\\Emprendurismo\\Proyecto\\control-gastos-web\\backend\\node_modules\\router\\index.js:582:12)\n    at next (D:\\Maykol\\A2025-I\\Emprendurismo\\Proyecto\\control-gastos-web\\backend\\node_modules\\router\\index.js:291:5)\n    at file:///D:/Maykol/A2025-I/Emprendurismo/Proyecto/control-gastos-web/backend/node_modules/express-rate-limit/dist/index.mjs:216:7\n    at process.processTicksAndRejections (node:internal/process/task_queues:105:5)\n    at async file:///D:/Maykol/A2025-I/Emprendurismo/Proyecto/control-gastos-web/backend/node_modules/express-rate-limit/dist/index.mjs:124:5","timestamp":"2025-07-13T06:30:52.511Z","userAgent":"PostmanRuntime/7.44.1"}
{"correlationId":"43d586bb-7296-4b44-ab88-23b8e72d28c9","ip":"::1","level":"error","message":"Error 500 Cannot read properties of undefined (reading 'id')","method":"POST","path":"/api/v1/categorias","stack":"TypeError: Cannot read properties of undefined (reading 'id')\n    at limiteGastosDiarios (file:///D:/Maykol/A2025-I/Emprendurismo/Proyecto/control-gastos-web/backend/middleware/limitesMiddleware.js:16:35)\n    at Layer.handleRequest (D:\\Maykol\\A2025-I\\Emprendurismo\\Proyecto\\control-gastos-web\\backend\\node_modules\\router\\lib\\layer.js:152:17)\n    at trimPrefix (D:\\Maykol\\A2025-I\\Emprendurismo\\Proyecto\\control-gastos-web\\backend\\node_modules\\router\\index.js:342:13)\n    at D:\\Maykol\\A2025-I\\Emprendurismo\\Proyecto\\control-gastos-web\\backend\\node_modules\\router\\index.js:297:9\n    at processParams (D:\\Maykol\\A2025-I\\Emprendurismo\\Proyecto\\control-gastos-web\\backend\\node_modules\\router\\index.js:582:12)\n    at next (D:\\Maykol\\A2025-I\\Emprendurismo\\Proyecto\\control-gastos-web\\backend\\node_modules\\router\\index.js:291:5)\n    at file:///D:/Maykol/A2025-I/Emprendurismo/Proyecto/control-gastos-web/backend/node_modules/express-rate-limit/dist/index.mjs:216:7\n    at process.processTicksAndRejections (node:internal/process/task_queues:105:5)\n    at async file:///D:/Maykol/A2025-I/Emprendurismo/Proyecto/control-gastos-web/backend/node_modules/express-rate-limit/dist/index.mjs:124:5","timestamp":"2025-07-13T06:33:26.322Z","userAgent":"PostmanRuntime/7.44.1"}
{"correlationId":"dd00df0c-6521-438e-8e4b-c8da7019feae","ip":"::1","level":"error","message":"Error 500 Cannot read properties of undefined (reading 'id')","method":"POST","path":"/api/v1/categorias","stack":"TypeError: Cannot read properties of undefined (reading 'id')\n    at limiteGastosDiarios (file:///D:/Maykol/A2025-I/Emprendurismo/Proyecto/control-gastos-web/backend/middleware/limitesMiddleware.js:16:35)\n    at Layer.handleRequest (D:\\Maykol\\A2025-I\\Emprendurismo\\Proyecto\\control-gastos-web\\backend\\node_modules\\router\\lib\\layer.js:152:17)\n    at trimPrefix (D:\\Maykol\\A2025-I\\Emprendurismo\\Proyecto\\control-gastos-web\\backend\\node_modules\\router\\index.js:342:13)\n    at D:\\Maykol\\A2025-I\\Emprendurismo\\Proyecto\\control-gastos-web\\backend\\node_modules\\router\\index.js:297:9\n    at processParams (D:\\Maykol\\A2025-I\\Emprendurismo\\Proyecto\\control-gastos-web\\backend\\node_modules\\router\\index.js:582:12)\n    at next (D:\\Maykol\\A2025-I\\Emprendurismo\\Proyecto\\control-gastos-web\\backend\\node_modules\\router\\index.js:291:5)\n    at file:///D:/Maykol/A2025-I/Emprendurismo/Proyecto/control-gastos-web/backend/node_modules/express-rate-limit/dist/index.mjs:216:7\n    at process.processTicksAndRejections (node:internal/process/task_queues:105:5)\n    at async file:///D:/Maykol/A2025-I/Emprendurismo/Proyecto/control-gastos-web/backend/node_modules/express-rate-limit/dist/index.mjs:124:5","timestamp":"2025-07-13T06:33:27.602Z","userAgent":"PostmanRuntime/7.44.1"}
{"correlationId":"29da0e5c-4b72-42ed-b587-9f9b92d1adba","ip":"::1","level":"error","message":"Error 500 Cannot read properties of undefined (reading 'id')","method":"POST","path":"/api/v1/categorias","stack":"TypeError: Cannot read properties of undefined (reading 'id')\n    at limiteGastosDiarios (file:///D:/Maykol/A2025-I/Emprendurismo/Proyecto/control-gastos-web/backend/middleware/limitesMiddleware.js:16:35)\n    at Layer.handleRequest (D:\\Maykol\\A2025-I\\Emprendurismo\\Proyecto\\control-gastos-web\\backend\\node_modules\\router\\lib\\layer.js:152:17)\n    at trimPrefix (D:\\Maykol\\A2025-I\\Emprendurismo\\Proyecto\\control-gastos-web\\backend\\node_modules\\router\\index.js:342:13)\n    at D:\\Maykol\\A2025-I\\Emprendurismo\\Proyecto\\control-gastos-web\\backend\\node_modules\\router\\index.js:297:9\n    at processParams (D:\\Maykol\\A2025-I\\Emprendurismo\\Proyecto\\control-gastos-web\\backend\\node_modules\\router\\index.js:582:12)\n    at next (D:\\Maykol\\A2025-I\\Emprendurismo\\Proyecto\\control-gastos-web\\backend\\node_modules\\router\\index.js:291:5)\n    at file:///D:/Maykol/A2025-I/Emprendurismo/Proyecto/control-gastos-web/backend/node_modules/express-rate-limit/dist/index.mjs:216:7\n    at process.processTicksAndRejections (node:internal/process/task_queues:105:5)\n    at async file:///D:/Maykol/A2025-I/Emprendurismo/Proyecto/control-gastos-web/backend/node_modules/express-rate-limit/dist/index.mjs:124:5","timestamp":"2025-07-13T06:37:54.207Z","userAgent":"PostmanRuntime/7.44.1"}
{"correlationId":"851c5170-501b-472a-8568-c65a1a204abb","ip":"::1","level":"error","message":"Error 500 Cannot read properties of undefined (reading 'id')","method":"POST","path":"/api/v1/categorias","stack":"TypeError: Cannot read properties of undefined (reading 'id')\n    at limiteGastosDiarios (file:///D:/Maykol/A2025-I/Emprendurismo/Proyecto/control-gastos-web/backend/middleware/limitesMiddleware.js:16:35)\n    at Layer.handleRequest (D:\\Maykol\\A2025-I\\Emprendurismo\\Proyecto\\control-gastos-web\\backend\\node_modules\\router\\lib\\layer.js:152:17)\n    at trimPrefix (D:\\Maykol\\A2025-I\\Emprendurismo\\Proyecto\\control-gastos-web\\backend\\node_modules\\router\\index.js:342:13)\n    at D:\\Maykol\\A2025-I\\Emprendurismo\\Proyecto\\control-gastos-web\\backend\\node_modules\\router\\index.js:297:9\n    at processParams (D:\\Maykol\\A2025-I\\Emprendurismo\\Proyecto\\control-gastos-web\\backend\\node_modules\\router\\index.js:582:12)\n    at next (D:\\Maykol\\A2025-I\\Emprendurismo\\Proyecto\\control-gastos-web\\backend\\node_modules\\router\\index.js:291:5)\n    at file:///D:/Maykol/A2025-I/Emprendurismo/Proyecto/control-gastos-web/backend/node_modules/express-rate-limit/dist/index.mjs:216:7\n    at process.processTicksAndRejections (node:internal/process/task_queues:105:5)\n    at async file:///D:/Maykol/A2025-I/Emprendurismo/Proyecto/control-gastos-web/backend/node_modules/express-rate-limit/dist/index.mjs:124:5","timestamp":"2025-07-13T06:37:55.438Z","userAgent":"PostmanRuntime/7.44.1"}
{"correlationId":"ab29eefe-565b-4834-9335-506b56a69c92","ip":"::1","level":"error","message":"Error 500 Cannot read properties of undefined (reading 'id')","method":"POST","path":"/api/v1/categorias","stack":"TypeError: Cannot read properties of undefined (reading 'id')\n    at limiteGastosDiarios (file:///D:/Maykol/A2025-I/Emprendurismo/Proyecto/control-gastos-web/backend/middleware/limitesMiddleware.js:16:35)\n    at Layer.handleRequest (D:\\Maykol\\A2025-I\\Emprendurismo\\Proyecto\\control-gastos-web\\backend\\node_modules\\router\\lib\\layer.js:152:17)\n    at trimPrefix (D:\\Maykol\\A2025-I\\Emprendurismo\\Proyecto\\control-gastos-web\\backend\\node_modules\\router\\index.js:342:13)\n    at D:\\Maykol\\A2025-I\\Emprendurismo\\Proyecto\\control-gastos-web\\backend\\node_modules\\router\\index.js:297:9\n    at processParams (D:\\Maykol\\A2025-I\\Emprendurismo\\Proyecto\\control-gastos-web\\backend\\node_modules\\router\\index.js:582:12)\n    at next (D:\\Maykol\\A2025-I\\Emprendurismo\\Proyecto\\control-gastos-web\\backend\\node_modules\\router\\index.js:291:5)\n    at file:///D:/Maykol/A2025-I/Emprendurismo/Proyecto/control-gastos-web/backend/node_modules/express-rate-limit/dist/index.mjs:216:7\n    at process.processTicksAndRejections (node:internal/process/task_queues:105:5)\n    at async file:///D:/Maykol/A2025-I/Emprendurismo/Proyecto/control-gastos-web/backend/node_modules/express-rate-limit/dist/index.mjs:124:5","timestamp":"2025-07-13T06:37:56.273Z","userAgent":"PostmanRuntime/7.44.1"}
{"correlationId":"bc83568b-3b52-4009-a6ff-c18b541cf090","ip":"::1","level":"error","message":"Error 500 Cannot read properties of undefined (reading 'id')","method":"POST","path":"/api/v1/categorias","stack":"TypeError: Cannot read properties of undefined (reading 'id')\n    at limiteGastosDiarios (file:///D:/Maykol/A2025-I/Emprendurismo/Proyecto/control-gastos-web/backend/middleware/limitesMiddleware.js:16:35)\n    at Layer.handleRequest (D:\\Maykol\\A2025-I\\Emprendurismo\\Proyecto\\control-gastos-web\\backend\\node_modules\\router\\lib\\layer.js:152:17)\n    at trimPrefix (D:\\Maykol\\A2025-I\\Emprendurismo\\Proyecto\\control-gastos-web\\backend\\node_modules\\router\\index.js:342:13)\n    at D:\\Maykol\\A2025-I\\Emprendurismo\\Proyecto\\control-gastos-web\\backend\\node_modules\\router\\index.js:297:9\n    at processParams (D:\\Maykol\\A2025-I\\Emprendurismo\\Proyecto\\control-gastos-web\\backend\\node_modules\\router\\index.js:582:12)\n    at next (D:\\Maykol\\A2025-I\\Emprendurismo\\Proyecto\\control-gastos-web\\backend\\node_modules\\router\\index.js:291:5)\n    at file:///D:/Maykol/A2025-I/Emprendurismo/Proyecto/control-gastos-web/backend/node_modules/express-rate-limit/dist/index.mjs:216:7\n    at process.processTicksAndRejections (node:internal/process/task_queues:105:5)\n    at async file:///D:/Maykol/A2025-I/Emprendurismo/Proyecto/control-gastos-web/backend/node_modules/express-rate-limit/dist/index.mjs:124:5","timestamp":"2025-07-13T06:39:17.042Z","userAgent":"Mozilla/5.0 (Windows NT 10.0; Win64; x64) AppleWebKit/537.36 (KHTML, like Gecko) Chrome/138.0.0.0 Safari/537.36"}
{"level":"info","message":"✅ Base de datos sincronizada","timestamp":"2025-07-13T15:48:22.568Z"}
{"level":"info","message":"Ruta registrada: /api/v1/auth","timestamp":"2025-07-13T15:48:22.571Z"}
{"level":"info","message":"Ruta registrada: /api/v1/movimientos","timestamp":"2025-07-13T15:48:22.571Z"}
{"level":"info","message":"Ruta registrada: /api/v1/categorias","timestamp":"2025-07-13T15:48:22.572Z"}
{"level":"info","message":"Ruta registrada: /api/v1/metas","timestamp":"2025-07-13T15:48:22.572Z"}
{"level":"info","message":"Ruta registrada: /api/v1/consejos","timestamp":"2025-07-13T15:48:22.573Z"}
{"level":"info","message":"Ruta registrada: /api/v1/alertas","timestamp":"2025-07-13T15:48:22.573Z"}
{"level":"info","message":"Ruta registrada: /api/v1/health","timestamp":"2025-07-13T15:48:22.574Z"}
{"level":"info","message":"Ruta registrada: /api/v1/docs","timestamp":"2025-07-13T15:48:22.574Z"}
{"level":"info","message":"🚀 Servidor: Puerto 3006\n🌍 Entorno: development\n⚙️  Workers: 1\n⏰ Hora: 10:48:22 a. m.","timestamp":"2025-07-13T15:48:22.671Z"}
{"level":"warn","message":"🔴 Recibido SIGINT. Cerrando servidor...","timestamp":"2025-07-13T15:52:48.094Z"}
{"level":"info","message":"✅ Base de datos sincronizada","timestamp":"2025-07-13T15:56:32.586Z"}
{"level":"info","message":"Ruta registrada: /api/v1/auth","timestamp":"2025-07-13T15:56:32.589Z"}
{"level":"info","message":"Ruta registrada: /api/v1/movimientos","timestamp":"2025-07-13T15:56:32.589Z"}
{"level":"info","message":"Ruta registrada: /api/v1/categorias","timestamp":"2025-07-13T15:56:32.590Z"}
{"level":"info","message":"Ruta registrada: /api/v1/metas","timestamp":"2025-07-13T15:56:32.590Z"}
{"level":"info","message":"Ruta registrada: /api/v1/consejos","timestamp":"2025-07-13T15:56:32.591Z"}
{"level":"info","message":"Ruta registrada: /api/v1/alertas","timestamp":"2025-07-13T15:56:32.591Z"}
{"level":"info","message":"Ruta registrada: /api/v1/health","timestamp":"2025-07-13T15:56:32.592Z"}
{"level":"info","message":"Ruta registrada: /api/v1/docs","timestamp":"2025-07-13T15:56:32.592Z"}
{"level":"info","message":"🚀 Servidor: Puerto 3006\n🌍 Entorno: development\n⚙️  Workers: 1\n⏰ Hora: 10:56:32 a. m.","timestamp":"2025-07-13T15:56:32.604Z"}
{"level":"warn","message":"🔴 Recibido SIGINT. Cerrando servidor...","timestamp":"2025-07-13T16:24:50.425Z"}
{"level":"info","message":"✅ Base de datos sincronizada","timestamp":"2025-07-13T16:33:50.896Z"}
{"level":"info","message":"Ruta registrada: /api/v1/movimientos","timestamp":"2025-07-13T16:33:50.907Z"}
{"level":"info","message":"Ruta registrada: /api/v1/categorias","timestamp":"2025-07-13T16:33:50.907Z"}
{"level":"info","message":"Ruta registrada: /api/v1/metas","timestamp":"2025-07-13T16:33:50.908Z"}
{"level":"info","message":"Ruta registrada: /api/v1/consejos","timestamp":"2025-07-13T16:33:50.908Z"}
{"level":"info","message":"Ruta registrada: /api/v1/alertas","timestamp":"2025-07-13T16:33:50.909Z"}
{"level":"info","message":"Ruta registrada: /api/v1/health","timestamp":"2025-07-13T16:33:50.909Z"}
{"level":"info","message":"Ruta registrada: /api/v1/docs","timestamp":"2025-07-13T16:33:50.910Z"}
{"level":"info","message":"🚀 Servidor: Puerto 3006\n🌍 Entorno: development\n⚙️  Workers: 1\n⏰ Hora: 11:33:50 a. m.","timestamp":"2025-07-13T16:33:50.922Z"}
{"level":"warn","message":"🔴 Recibido SIGINT. Cerrando servidor...","timestamp":"2025-07-13T16:56:01.847Z"}
{"level":"info","message":"✅ Base de datos sincronizada","timestamp":"2025-07-13T16:59:05.473Z"}
{"level":"info","message":"🚀 Servidor: Puerto 3006\n🌍 Entorno: development\n⚙️  Workers: 1\n⏰ Hora: 11:59:05 a. m.","timestamp":"2025-07-13T16:59:05.494Z"}
{"level":"info","message":"✅ Base de datos sincronizada","timestamp":"2025-07-14T01:01:03.104Z"}
{"level":"info","message":"🚀 Servidor: Puerto 3006\n🌍 Entorno: development\n⚙️  Workers: 1\n⏰ Hora: 8:01:03 p. m.","timestamp":"2025-07-14T01:01:03.126Z"}
{"correlationId":"cfc3fcb6-8216-491b-a4c6-ca4756635a35","ip":"::1","level":"error","message":"Error 500 Incorrect decimal value: '0.040.01' for column 'monto_actual' at row 1","method":"PUT","path":"/api/v1/metas/1/progreso","stack":"Error\n    at Query.run (D:\\Maykol\\A2025-I\\Emprendurismo\\Proyecto\\control-gastos-web\\backend\\node_modules\\sequelize\\lib\\dialects\\mysql\\query.js:52:25)\n    at D:\\Maykol\\A2025-I\\Emprendurismo\\Proyecto\\control-gastos-web\\backend\\node_modules\\sequelize\\lib\\sequelize.js:315:28\n    at process.processTicksAndRejections (node:internal/process/task_queues:105:5)\n    at async MySQLQueryInterface.update (D:\\Maykol\\A2025-I\\Emprendurismo\\Proyecto\\control-gastos-web\\backend\\node_modules\\sequelize\\lib\\dialects\\abstract\\query-interface.js:355:12)\n    at async model.save (D:\\Maykol\\A2025-I\\Emprendurismo\\Proyecto\\control-gastos-web\\backend\\node_modules\\sequelize\\lib\\model.js:2490:35)\n    at async model.update (D:\\Maykol\\A2025-I\\Emprendurismo\\Proyecto\\control-gastos-web\\backend\\node_modules\\sequelize\\lib\\model.js:2598:12)\n    at async actualizarProgreso (file:///D:/Maykol/A2025-I/Emprendurismo/Proyecto/control-gastos-web/backend/controllers/metaController.js:40:29)","timestamp":"2025-07-14T02:12:14.018Z","userAgent":"Mozilla/5.0 (Windows NT 10.0; Win64; x64) AppleWebKit/537.36 (KHTML, like Gecko) Chrome/138.0.0.0 Safari/537.36"}
{"correlationId":"292dbad4-991a-4be7-8893-736fc7b92458","ip":"::1","level":"error","message":"Error 500 Incorrect decimal value: '0.040.01' for column 'monto_actual' at row 1","method":"PUT","path":"/api/v1/metas/1/progreso","stack":"Error\n    at Query.run (D:\\Maykol\\A2025-I\\Emprendurismo\\Proyecto\\control-gastos-web\\backend\\node_modules\\sequelize\\lib\\dialects\\mysql\\query.js:52:25)\n    at D:\\Maykol\\A2025-I\\Emprendurismo\\Proyecto\\control-gastos-web\\backend\\node_modules\\sequelize\\lib\\sequelize.js:315:28\n    at process.processTicksAndRejections (node:internal/process/task_queues:105:5)\n    at async MySQLQueryInterface.update (D:\\Maykol\\A2025-I\\Emprendurismo\\Proyecto\\control-gastos-web\\backend\\node_modules\\sequelize\\lib\\dialects\\abstract\\query-interface.js:355:12)\n    at async model.save (D:\\Maykol\\A2025-I\\Emprendurismo\\Proyecto\\control-gastos-web\\backend\\node_modules\\sequelize\\lib\\model.js:2490:35)\n    at async model.update (D:\\Maykol\\A2025-I\\Emprendurismo\\Proyecto\\control-gastos-web\\backend\\node_modules\\sequelize\\lib\\model.js:2598:12)\n    at async actualizarProgreso (file:///D:/Maykol/A2025-I/Emprendurismo/Proyecto/control-gastos-web/backend/controllers/metaController.js:40:29)","timestamp":"2025-07-14T02:12:25.944Z","userAgent":"Mozilla/5.0 (Windows NT 10.0; Win64; x64) AppleWebKit/537.36 (KHTML, like Gecko) Chrome/138.0.0.0 Safari/537.36"}
{"level":"warn","message":"🔴 Recibido SIGINT. Cerrando servidor...","timestamp":"2025-07-14T02:23:24.421Z"}
